{"synthetic": false,
 "schemaVersion": "2025-09-10",
 "outputs":
 {"o": ["66faccd4007dfcb8.olean"],
  "i": "6ab918eabc3a3c21.ilean",
  "c": "33a6ea82b7fce700.c"},
 "log":
 [{"message":
   ".> LEAN_PATH=/workspaces/Cohomology-Foundations/.lake/packages/Cli/.lake/build/lib/lean:/workspaces/Cohomology-Foundations/.lake/packages/batteries/.lake/build/lib/lean:/workspaces/Cohomology-Foundations/.lake/packages/Qq/.lake/build/lib/lean:/workspaces/Cohomology-Foundations/.lake/packages/aesop/.lake/build/lib/lean:/workspaces/Cohomology-Foundations/.lake/packages/proofwidgets/.lake/build/lib/lean:/workspaces/Cohomology-Foundations/.lake/packages/importGraph/.lake/build/lib/lean:/workspaces/Cohomology-Foundations/.lake/packages/LeanSearchClient/.lake/build/lib/lean:/workspaces/Cohomology-Foundations/.lake/packages/plausible/.lake/build/lib/lean:/workspaces/Cohomology-Foundations/.lake/packages/mathlib/.lake/build/lib/lean:/workspaces/Cohomology-Foundations/.lake/build/lib/lean /home/codespace/.elan/toolchains/leanprover--lean4---v4.26.0/bin/lean /workspaces/Cohomology-Foundations/H1Characterization/CycleCochain/Definitions.lean -o /workspaces/Cohomology-Foundations/.lake/build/lib/lean/H1Characterization/CycleCochain/Definitions.olean -i /workspaces/Cohomology-Foundations/.lake/build/lib/lean/H1Characterization/CycleCochain/Definitions.ilean -c /workspaces/Cohomology-Foundations/.lake/build/ir/H1Characterization/CycleCochain/Definitions.c --setup /workspaces/Cohomology-Foundations/.lake/build/ir/H1Characterization/CycleCochain/Definitions.setup.json --json",
   "level": "trace"}],
 "inputs":
 [["H1Characterization.CycleCochain.Definitions:deps",
   [["deps",
     [["CohomologyFoundations/H1Characterization:extraDep",
       [["@CohomologyFoundations:extraDep", "00000000000006bb"]]],
      ["imports",
       [["H1Characterization.OneConnected transitive imports (legacy)",
         "76c777a41061567b"],
        ["H1Characterization.OneConnected:importAllArts",
         "bd61ef003b4d9679"]]]]],
    ["libs",
     [["import dynlibs", "00000000000006bb"],
      ["package external libraries", "00000000000006bb"],
      ["module dynlibs", "00000000000006bb"],
      ["module plugins", "00000000000006bb"]]]]],
  ["Lean 4.26.0, commit d8204c9fd894f91bbb2cdfec5912ec8196fd8562",
   "9c9419104e9584f8"],
  ["/workspaces/Cohomology-Foundations/H1Characterization/CycleCochain/Definitions.lean",
   "1d88f4aa3247dbbe"],
  ["options",
   [["-Dpp.unicode.fun=true", "9b94070140457fab"],
    ["-DautoImplicit=false", "4a85acb881fd49d0"]]],
  ["Module.leanArgs: #[]", "00000000000006bb"]],
 "depHash": "581dc03efb5437c9"}