{"synthetic": false,
 "schemaVersion": "2025-09-10",
 "outputs":
 {"o": ["e9c1393339a846f4.olean"],
  "i": "0fdb8f619d83bd1f.ilean",
  "c": "5cac0785a5694009.c"},
 "log":
 [{"message":
   ".> LEAN_PATH=/workspaces/Cohomology-Foundations/.lake/packages/Cli/.lake/build/lib/lean:/workspaces/Cohomology-Foundations/.lake/packages/batteries/.lake/build/lib/lean:/workspaces/Cohomology-Foundations/.lake/packages/Qq/.lake/build/lib/lean:/workspaces/Cohomology-Foundations/.lake/packages/aesop/.lake/build/lib/lean:/workspaces/Cohomology-Foundations/.lake/packages/proofwidgets/.lake/build/lib/lean:/workspaces/Cohomology-Foundations/.lake/packages/importGraph/.lake/build/lib/lean:/workspaces/Cohomology-Foundations/.lake/packages/LeanSearchClient/.lake/build/lib/lean:/workspaces/Cohomology-Foundations/.lake/packages/plausible/.lake/build/lib/lean:/workspaces/Cohomology-Foundations/.lake/packages/mathlib/.lake/build/lib/lean:/workspaces/Cohomology-Foundations/.lake/build/lib/lean /home/codespace/.elan/toolchains/leanprover--lean4---v4.26.0/bin/lean /workspaces/Cohomology-Foundations/H1Characterization/CycleCochain/Proofs.lean -o /workspaces/Cohomology-Foundations/.lake/build/lib/lean/H1Characterization/CycleCochain/Proofs.olean -i /workspaces/Cohomology-Foundations/.lake/build/lib/lean/H1Characterization/CycleCochain/Proofs.ilean -c /workspaces/Cohomology-Foundations/.lake/build/ir/H1Characterization/CycleCochain/Proofs.c --setup /workspaces/Cohomology-Foundations/.lake/build/ir/H1Characterization/CycleCochain/Proofs.setup.json --json",
   "level": "trace"}],
 "inputs":
 [["H1Characterization.CycleCochain.Proofs:deps",
   [["deps",
     [["CohomologyFoundations/H1Characterization:extraDep",
       [["@CohomologyFoundations:extraDep", "00000000000006bb"]]],
      ["imports",
       [["H1Characterization.CycleCochain.Definitions transitive imports (legacy)",
         "a8709b353e7d2bcf"],
        ["H1Characterization.CycleCochain.Definitions:importAllArts",
         "dd441fbfef7c89d5"],
        ["H1Characterization.ForestCoboundary transitive imports (legacy)",
         "8939a8cf6ad18f36"],
        ["H1Characterization.ForestCoboundary:importAllArts",
         "4bd9c1e1ca433b35"]]]]],
    ["libs",
     [["import dynlibs", "00000000000006bb"],
      ["package external libraries", "00000000000006bb"],
      ["module dynlibs", "00000000000006bb"],
      ["module plugins", "00000000000006bb"]]]]],
  ["Lean 4.26.0, commit d8204c9fd894f91bbb2cdfec5912ec8196fd8562",
   "9c9419104e9584f8"],
  ["/workspaces/Cohomology-Foundations/H1Characterization/CycleCochain/Proofs.lean",
   "1ab57cebf54635c0"],
  ["options",
   [["-Dpp.unicode.fun=true", "9b94070140457fab"],
    ["-DautoImplicit=false", "4a85acb881fd49d0"]]],
  ["Module.leanArgs: #[]", "00000000000006bb"]],
 "depHash": "24cc6d3e0ef81f1c"}