{"synthetic": false,
 "schemaVersion": "2025-09-10",
 "outputs":
 {"o": ["099fa266d10d8549.olean"],
  "i": "cf4f2d0a0c7ba26e.ilean",
  "c": "032b53c2cd6298b6.c"},
 "log":
 [{"message":
   ".> LEAN_PATH=/workspaces/Cohomology-Foundations/.lake/packages/Cli/.lake/build/lib/lean:/workspaces/Cohomology-Foundations/.lake/packages/batteries/.lake/build/lib/lean:/workspaces/Cohomology-Foundations/.lake/packages/Qq/.lake/build/lib/lean:/workspaces/Cohomology-Foundations/.lake/packages/aesop/.lake/build/lib/lean:/workspaces/Cohomology-Foundations/.lake/packages/proofwidgets/.lake/build/lib/lean:/workspaces/Cohomology-Foundations/.lake/packages/importGraph/.lake/build/lib/lean:/workspaces/Cohomology-Foundations/.lake/packages/LeanSearchClient/.lake/build/lib/lean:/workspaces/Cohomology-Foundations/.lake/packages/plausible/.lake/build/lib/lean:/workspaces/Cohomology-Foundations/.lake/packages/mathlib/.lake/build/lib/lean:/workspaces/Cohomology-Foundations/.lake/build/lib/lean /home/vscode/.elan/toolchains/leanprover--lean4---v4.27.0/bin/lean /workspaces/Cohomology-Foundations/Perspective/Alignment.lean -o /workspaces/Cohomology-Foundations/.lake/build/lib/lean/Perspective/Alignment.olean -i /workspaces/Cohomology-Foundations/.lake/build/lib/lean/Perspective/Alignment.ilean -c /workspaces/Cohomology-Foundations/.lake/build/ir/Perspective/Alignment.c --setup /workspaces/Cohomology-Foundations/.lake/build/ir/Perspective/Alignment.setup.json --json",
   "level": "trace"},
  {"message":
   "Perspective/Alignment.lean:31:0: automatically included section variable(s) unused in theorem `Perspective.alignable_symm`:\n  [Fintype S]\n  [DecidableEq S]\nconsider restructuring your `variable` declarations so that the variables are not in scope or explicitly omit them:\n  omit [Fintype S] [DecidableEq S] in theorem ...\n\nNote: This linter can be disabled with `set_option linter.unusedSectionVars false`",
   "level": "warning"}],
 "inputs":
 [["Perspective.Alignment:deps",
   [["deps",
     [["CohomologyFoundations/Perspective:extraDep",
       [["@CohomologyFoundations:extraDep", "00000000000006bb"]]],
      ["imports",
       [["Perspective.ValueSystem transitive imports (legacy)",
         "267e3bbe93da625b"],
        ["Perspective.ValueSystem:importAllArts", "1318506d7ca72344"]]]]],
    ["libs",
     [["import dynlibs", "00000000000006bb"],
      ["package external libraries", "00000000000006bb"],
      ["module dynlibs", "00000000000006bb"],
      ["module plugins", "00000000000006bb"]]]]],
  ["Lean 4.27.0, commit db93fe1608548721853390a10cd40580fe7d22ae",
   "9a2be90fd35343e5"],
  ["/workspaces/Cohomology-Foundations/Perspective/Alignment.lean",
   "21e8aecb8b3a7ede"],
  ["options",
   [["-Dpp.unicode.fun=true", "9b94070140457fab"],
    ["-DautoImplicit=false", "4a85acb881fd49d0"]]],
  ["Module.leanArgs: #[]", "00000000000006bb"]],
 "depHash": "be063663e22788af"}