{"synthetic": false,
 "schemaVersion": "2025-09-10",
 "outputs":
 {"o": ["f834d50131593089.olean"],
  "i": "44569e65214b45af.ilean",
  "c": "6fee65bdc630ce33.c"},
 "log":
 [{"message":
   ".> LEAN_PATH=/workspaces/Cohomology-Foundations/.lake/packages/Cli/.lake/build/lib/lean:/workspaces/Cohomology-Foundations/.lake/packages/batteries/.lake/build/lib/lean:/workspaces/Cohomology-Foundations/.lake/packages/Qq/.lake/build/lib/lean:/workspaces/Cohomology-Foundations/.lake/packages/aesop/.lake/build/lib/lean:/workspaces/Cohomology-Foundations/.lake/packages/proofwidgets/.lake/build/lib/lean:/workspaces/Cohomology-Foundations/.lake/packages/importGraph/.lake/build/lib/lean:/workspaces/Cohomology-Foundations/.lake/packages/LeanSearchClient/.lake/build/lib/lean:/workspaces/Cohomology-Foundations/.lake/packages/plausible/.lake/build/lib/lean:/workspaces/Cohomology-Foundations/.lake/packages/mathlib/.lake/build/lib/lean:/workspaces/Cohomology-Foundations/.lake/build/lib/lean /home/vscode/.elan/toolchains/leanprover--lean4---v4.27.0/bin/lean /workspaces/Cohomology-Foundations/Perspective/AlignmentTheorem.lean -o /workspaces/Cohomology-Foundations/.lake/build/lib/lean/Perspective/AlignmentTheorem.olean -i /workspaces/Cohomology-Foundations/.lake/build/lib/lean/Perspective/AlignmentTheorem.ilean -c /workspaces/Cohomology-Foundations/.lake/build/ir/Perspective/AlignmentTheorem.c --setup /workspaces/Cohomology-Foundations/.lake/build/ir/Perspective/AlignmentTheorem.setup.json --json",
   "level": "trace"},
  {"message":
   "Perspective/AlignmentTheorem.lean:17:0: automatically included section variable(s) unused in theorem `Perspective.no_universal_alignment`:\n  [Fintype S]\n  [DecidableEq S]\nconsider restructuring your `variable` declarations so that the variables are not in scope or explicitly omit them:\n  omit [Fintype S] [DecidableEq S] in theorem ...\n\nNote: This linter can be disabled with `set_option linter.unusedSectionVars false`",
   "level": "warning"},
  {"message":
   "Perspective/AlignmentTheorem.lean:43:0: automatically included section variable(s) unused in theorem `Perspective.alignment_is_contextual`:\n  [Fintype S]\n  [DecidableEq S]\nconsider restructuring your `variable` declarations so that the variables are not in scope or explicitly omit them:\n  omit [Fintype S] [DecidableEq S] in theorem ...\n\nNote: This linter can be disabled with `set_option linter.unusedSectionVars false`",
   "level": "warning"}],
 "inputs":
 [["Perspective.AlignmentTheorem:deps",
   [["deps",
     [["CohomologyFoundations/Perspective:extraDep",
       [["@CohomologyFoundations:extraDep", "00000000000006bb"]]],
      ["imports",
       [["Perspective.Alignment transitive imports (legacy)",
         "57d4a540d8374bb6"],
        ["Perspective.Alignment:importAllArts", "1ca37a195e1bcbc4"],
        ["Mathlib.Tactic.Linarith transitive imports (legacy)",
         "ce772c6328488cbe"],
        ["Mathlib.Tactic.Linarith:importAllArts", "614a124a5d966b77"]]]]],
    ["libs",
     [["import dynlibs", "00000000000006bb"],
      ["package external libraries", "00000000000006bb"],
      ["module dynlibs", "00000000000006bb"],
      ["module plugins", "00000000000006bb"]]]]],
  ["Lean 4.27.0, commit db93fe1608548721853390a10cd40580fe7d22ae",
   "9a2be90fd35343e5"],
  ["/workspaces/Cohomology-Foundations/Perspective/AlignmentTheorem.lean",
   "5424c01d603f6236"],
  ["options",
   [["-Dpp.unicode.fun=true", "9b94070140457fab"],
    ["-DautoImplicit=false", "4a85acb881fd49d0"]]],
  ["Module.leanArgs: #[]", "00000000000006bb"]],
 "depHash": "5511245137d7a203"}