{"synthetic": false,
 "schemaVersion": "2025-09-10",
 "outputs":
 {"o": ["3a9c89e831140be4.olean"],
  "i": "cb9e36acfd9c5928.ilean",
  "c": "e0d28a255b621e36.c"},
 "log":
 [{"message":
   ".> LEAN_PATH=/workspaces/Cohomology-Foundations/.lake/packages/Cli/.lake/build/lib/lean:/workspaces/Cohomology-Foundations/.lake/packages/batteries/.lake/build/lib/lean:/workspaces/Cohomology-Foundations/.lake/packages/Qq/.lake/build/lib/lean:/workspaces/Cohomology-Foundations/.lake/packages/aesop/.lake/build/lib/lean:/workspaces/Cohomology-Foundations/.lake/packages/proofwidgets/.lake/build/lib/lean:/workspaces/Cohomology-Foundations/.lake/packages/importGraph/.lake/build/lib/lean:/workspaces/Cohomology-Foundations/.lake/packages/LeanSearchClient/.lake/build/lib/lean:/workspaces/Cohomology-Foundations/.lake/packages/plausible/.lake/build/lib/lean:/workspaces/Cohomology-Foundations/.lake/packages/mathlib/.lake/build/lib/lean:/workspaces/Cohomology-Foundations/.lake/build/lib/lean /home/vscode/.elan/toolchains/leanprover--lean4---v4.27.0/bin/lean /workspaces/Cohomology-Foundations/Perspective/AlignmentEquivalence.lean -o /workspaces/Cohomology-Foundations/.lake/build/lib/lean/Perspective/AlignmentEquivalence.olean -i /workspaces/Cohomology-Foundations/.lake/build/lib/lean/Perspective/AlignmentEquivalence.ilean -c /workspaces/Cohomology-Foundations/.lake/build/ir/Perspective/AlignmentEquivalence.c --setup /workspaces/Cohomology-Foundations/.lake/build/ir/Perspective/AlignmentEquivalence.setup.json --json",
   "level": "trace"},
  {"message":
   "Perspective/AlignmentEquivalence.lean:83:0: automatically included section variable(s) unused in theorem `Perspective.two_system_alignable_iff`:\n  [Fintype S]\n  [DecidableEq S]\nconsider restructuring your `variable` declarations so that the variables are not in scope or explicitly omit them:\n  omit [Fintype S] [DecidableEq S] in theorem ...\n\nNote: This linter can be disabled with `set_option linter.unusedSectionVars false`",
   "level": "warning"},
  {"message":
   "Perspective/AlignmentEquivalence.lean:83:77: unused variable `hε`\n\nNote: This linter can be disabled with `set_option linter.unusedVariables false`",
   "level": "warning"},
  {"message":
   "Perspective/AlignmentEquivalence.lean:87:4: Try this: intro ⟨r⟩ s",
   "level": "warning"},
  {"message":
   "Perspective/AlignmentEquivalence.lean:164:0: automatically included section variable(s) unused in theorem `Perspective.not_alignable_of_large_disagreement`:\n  [Fintype S]\n  [DecidableEq S]\nconsider restructuring your `variable` declarations so that the variables are not in scope or explicitly omit them:\n  omit [Fintype S] [DecidableEq S] in theorem ...\n\nNote: This linter can be disabled with `set_option linter.unusedSectionVars false`",
   "level": "warning"},
  {"message":
   "Perspective/AlignmentEquivalence.lean:164:88: unused variable `hε`\n\nNote: This linter can be disabled with `set_option linter.unusedVariables false`",
   "level": "warning"},
  {"message":
   "Perspective/AlignmentEquivalence.lean:559:26: This simp argument is unused:\n  coboundary\n\nHint: Omit it from the simp argument list.\n  simp only [IsCocycle,̵ ̵c̵o̵b̵o̵u̵n̵d̵a̵r̵y̵]\n\nNote: This linter can be disabled with `set_option linter.unusedSimpArgs false`",
   "level": "warning"},
  {"message":
   "Perspective/AlignmentEquivalence.lean:780:32: unused variable `hn_pos`\n\nNote: This linter can be disabled with `set_option linter.unusedVariables false`",
   "level": "warning"},
  {"message":
   "Perspective/AlignmentEquivalence.lean:795:0: automatically included section variable(s) unused in theorem `Perspective.reconciliation_implies_pairwise_agreement`:\n  [Fintype S]\n  [DecidableEq S]\nconsider restructuring your `variable` declarations so that the variables are not in scope or explicitly omit them:\n  omit [Fintype S] [DecidableEq S] in theorem ...\n\nNote: This linter can be disabled with `set_option linter.unusedSectionVars false`",
   "level": "warning"},
  {"message":
   "Perspective/AlignmentEquivalence.lean:796:47: unused variable `hε`\n\nNote: This linter can be disabled with `set_option linter.unusedVariables false`",
   "level": "warning"},
  {"message":
   "Perspective/AlignmentEquivalence.lean:814:0: automatically included section variable(s) unused in theorem `Perspective.pairwise_agreement_implies_average_reconciles`:\n  [Fintype S]\n  [DecidableEq S]\nconsider restructuring your `variable` declarations so that the variables are not in scope or explicitly omit them:\n  omit [Fintype S] [DecidableEq S] in theorem ...\n\nNote: This linter can be disabled with `set_option linter.unusedSectionVars false`",
   "level": "warning"},
  {"message":
   "Perspective/AlignmentEquivalence.lean:815:47: unused variable `hε`\n\nNote: This linter can be disabled with `set_option linter.unusedVariables false`",
   "level": "warning"},
  {"message":
   "Perspective/AlignmentEquivalence.lean:940:48: unused variable `hn`\n\nNote: This linter can be disabled with `set_option linter.unusedVariables false`",
   "level": "warning"},
  {"message":
   "Perspective/AlignmentEquivalence.lean:941:47: unused variable `hε`\n\nNote: This linter can be disabled with `set_option linter.unusedVariables false`",
   "level": "warning"},
  {"message":
   "Perspective/AlignmentEquivalence.lean:1070:0: automatically included section variable(s) unused in theorem `Perspective.reconciliation_implies_h1_zero_simple_case`:\n  [DecidableEq S]\nconsider restructuring your `variable` declarations so that the variables are not in scope or explicitly omit them:\n  omit [DecidableEq S] in theorem ...\n\nNote: This linter can be disabled with `set_option linter.unusedSectionVars false`",
   "level": "warning"},
  {"message":
   "Perspective/AlignmentEquivalence.lean:1070:60: unused variable `hn`\n\nNote: This linter can be disabled with `set_option linter.unusedVariables false`",
   "level": "warning"},
  {"message":
   "Perspective/AlignmentEquivalence.lean:1071:47: unused variable `hε`\n\nNote: This linter can be disabled with `set_option linter.unusedVariables false`",
   "level": "warning"},
  {"message":
   "Perspective/AlignmentEquivalence.lean:1072:25: unused variable `hR`\n\nNote: This linter can be disabled with `set_option linter.unusedVariables false`",
   "level": "warning"},
  {"message":
   "Perspective/AlignmentEquivalence.lean:1086:0: automatically included section variable(s) unused in theorem `Perspective.three_system_path_alignable`:\n  [Fintype S]\n  [DecidableEq S]\nconsider restructuring your `variable` declarations so that the variables are not in scope or explicitly omit them:\n  omit [Fintype S] [DecidableEq S] in theorem ...\n\nNote: This linter can be disabled with `set_option linter.unusedSectionVars false`",
   "level": "warning"}],
 "inputs":
 [["Perspective.AlignmentEquivalence:deps",
   [["deps",
     [["CohomologyFoundations/Perspective:extraDep",
       [["@CohomologyFoundations:extraDep", "00000000000006bb"]]],
      ["imports",
       [["Perspective.ValueComplex transitive imports (legacy)",
         "13f734381f10e890"],
        ["Perspective.ValueComplex:importAllArts", "bb322d32015173de"],
        ["Perspective.Alignment transitive imports (legacy)",
         "57d4a540d8374bb6"],
        ["Perspective.Alignment:importAllArts", "1ca37a195e1bcbc4"],
        ["Mathlib.Algebra.Order.Ring.Abs transitive imports (legacy)",
         "311dc73d341d2b99"],
        ["Mathlib.Algebra.Order.Ring.Abs:importAllArts", "c5c90db839a8ace0"],
        ["Mathlib.Algebra.Order.Field.Basic transitive imports (legacy)",
         "50bb39a48118af67"],
        ["Mathlib.Algebra.Order.Field.Basic:importAllArts", "57a350d9459efaf3"],
        ["Mathlib.Tactic.Linarith transitive imports (legacy)",
         "ce772c6328488cbe"],
        ["Mathlib.Tactic.Linarith:importAllArts", "614a124a5d966b77"],
        ["Mathlib.Tactic.Positivity transitive imports (legacy)",
         "437f91b7ea81464b"],
        ["Mathlib.Tactic.Positivity:importAllArts", "256fdbaa668c0674"],
        ["Mathlib.Tactic.FinCases transitive imports (legacy)",
         "5791c101791d28ed"],
        ["Mathlib.Tactic.FinCases:importAllArts", "caa172cdccb7c21f"],
        ["Mathlib.Tactic.IntervalCases transitive imports (legacy)",
         "6662964c51c817d3"],
        ["Mathlib.Tactic.IntervalCases:importAllArts", "b96fe2f6b033d688"],
        ["Mathlib.Tactic.FieldSimp transitive imports (legacy)",
         "a9f5a65a5c53e7ff"],
        ["Mathlib.Tactic.FieldSimp:importAllArts", "d86f3e97acfd9745"],
        ["H1Characterization.ForestCoboundary transitive imports (legacy)",
         "91a9c576400569d6"],
        ["H1Characterization.ForestCoboundary:importAllArts",
         "1434ca26f97f57e2"]]]]],
    ["libs",
     [["import dynlibs", "00000000000006bb"],
      ["package external libraries", "00000000000006bb"],
      ["module dynlibs", "00000000000006bb"],
      ["module plugins", "00000000000006bb"]]]]],
  ["Lean 4.27.0, commit db93fe1608548721853390a10cd40580fe7d22ae",
   "9a2be90fd35343e5"],
  ["/workspaces/Cohomology-Foundations/Perspective/AlignmentEquivalence.lean",
   "ed21632e5b72cbfd"],
  ["options",
   [["-Dpp.unicode.fun=true", "9b94070140457fab"],
    ["-DautoImplicit=false", "4a85acb881fd49d0"]]],
  ["Module.leanArgs: #[]", "00000000000006bb"]],
 "depHash": "2e7acb9c234256bf"}