{"synthetic": false,
 "schemaVersion": "2025-09-10",
 "outputs":
 {"o": ["778e137a6cfac3e2.olean"],
  "i": "9688171435efbd4f.ilean",
  "c": "b4379522670213c8.c"},
 "log":
 [{"message":
   ".> LEAN_PATH=/workspaces/Cohomology-Foundations/.lake/packages/Cli/.lake/build/lib/lean:/workspaces/Cohomology-Foundations/.lake/packages/batteries/.lake/build/lib/lean:/workspaces/Cohomology-Foundations/.lake/packages/Qq/.lake/build/lib/lean:/workspaces/Cohomology-Foundations/.lake/packages/aesop/.lake/build/lib/lean:/workspaces/Cohomology-Foundations/.lake/packages/proofwidgets/.lake/build/lib/lean:/workspaces/Cohomology-Foundations/.lake/packages/importGraph/.lake/build/lib/lean:/workspaces/Cohomology-Foundations/.lake/packages/LeanSearchClient/.lake/build/lib/lean:/workspaces/Cohomology-Foundations/.lake/packages/plausible/.lake/build/lib/lean:/workspaces/Cohomology-Foundations/.lake/packages/mathlib/.lake/build/lib/lean:/workspaces/Cohomology-Foundations/.lake/build/lib/lean /home/vscode/.elan/toolchains/leanprover--lean4---v4.26.0/bin/lean /workspaces/Cohomology-Foundations/Perspective/AttractorBasins.lean -o /workspaces/Cohomology-Foundations/.lake/build/lib/lean/Perspective/AttractorBasins.olean -i /workspaces/Cohomology-Foundations/.lake/build/lib/lean/Perspective/AttractorBasins.ilean -c /workspaces/Cohomology-Foundations/.lake/build/ir/Perspective/AttractorBasins.c --setup /workspaces/Cohomology-Foundations/.lake/build/ir/Perspective/AttractorBasins.setup.json --json",
   "level": "trace"},
  {"message":
   "Perspective/AttractorBasins.lean:85:0: automatically included section variable(s) unused in theorem `AttractorBasins.consensus_is_attractor`:\n  [DecidableEq S]\nconsider restructuring your `variable` declarations so that the variables are not in scope or explicitly omit them:\n  omit [DecidableEq S] in theorem ...\n\nNote: This linter can be disabled with `set_option linter.unusedSectionVars false`",
   "level": "warning"},
  {"message":
   "Perspective/AttractorBasins.lean:85:51: unused variable `hn`\n\nNote: This linter can be disabled with `set_option linter.unusedVariables false`",
   "level": "warning"},
  {"message":
   "Perspective/AttractorBasins.lean:86:35: unused variable `hε`\n\nNote: This linter can be disabled with `set_option linter.unusedVariables false`",
   "level": "warning"},
  {"message":
   "Perspective/AttractorBasins.lean:99:51: This simp argument is unused:\n  ValueSystem.mk.injEq\n\nHint: Omit it from the simp argument list.\n  simp only [fromValuePoint, consensusAttractor,̵ ̵V̵a̵l̵u̵e̵S̵y̵s̵t̵e̵m̵.̵m̵k̵.̵i̵n̵j̵E̵q̵]\n\nNote: This linter can be disabled with `set_option linter.unusedSimpArgs false`",
   "level": "warning"},
  {"message":
   "Perspective/AttractorBasins.lean:115:32: unused variable `point`\n\nNote: This linter can be disabled with `set_option linter.unusedVariables false`",
   "level": "warning"},
  {"message":
   "Perspective/AttractorBasins.lean:116:5: unused variable `attractor`\n\nNote: This linter can be disabled with `set_option linter.unusedVariables false`",
   "level": "warning"},
  {"message":
   "Perspective/AttractorBasins.lean:116:33: unused variable `epsilon`\n\nNote: This linter can be disabled with `set_option linter.unusedVariables false`",
   "level": "warning"},
  {"message":
   "Perspective/AttractorBasins.lean:124:36: unused variable `attractor`\n\nNote: This linter can be disabled with `set_option linter.unusedVariables false`",
   "level": "warning"},
  {"message":
   "Perspective/AttractorBasins.lean:133:0: automatically included section variable(s) unused in theorem `AttractorBasins.basin_radius_positive`:\n  [Fintype S]\n  [DecidableEq S]\nconsider restructuring your `variable` declarations so that the variables are not in scope or explicitly omit them:\n  omit [Fintype S] [DecidableEq S] in theorem ...\n\nNote: This linter can be disabled with `set_option linter.unusedSectionVars false`",
   "level": "warning"},
  {"message":
   "Perspective/AttractorBasins.lean:136:5: unused variable `h_attractor`\n\nNote: This linter can be disabled with `set_option linter.unusedVariables false`",
   "level": "warning"},
  {"message":
   "Perspective/AttractorBasins.lean:147:27: unused variable `attractor`\n\nNote: This linter can be disabled with `set_option linter.unusedVariables false`",
   "level": "warning"},
  {"message":
   "Perspective/AttractorBasins.lean:149:4: unused variable `p`\n\nNote: This linter can be disabled with `set_option linter.unusedVariables false`",
   "level": "warning"},
  {"message":
   "Perspective/AttractorBasins.lean:164:0: automatically included section variable(s) unused in theorem `AttractorBasins.inside_basin_positive_distance`:\n  [DecidableEq S]\nconsider restructuring your `variable` declarations so that the variables are not in scope or explicitly omit them:\n  omit [DecidableEq S] in theorem ...\n\nNote: This linter can be disabled with `set_option linter.unusedSectionVars false`",
   "level": "warning"},
  {"message":
   "Perspective/AttractorBasins.lean:166:19: unused variable `hε`\n\nNote: This linter can be disabled with `set_option linter.unusedVariables false`",
   "level": "warning"},
  {"message":
   "Perspective/AttractorBasins.lean:200:0: automatically included section variable(s) unused in theorem `AttractorBasins.unique_basin`:\n  [Fintype S]\n  [DecidableEq S]\nconsider restructuring your `variable` declarations so that the variables are not in scope or explicitly omit them:\n  omit [Fintype S] [DecidableEq S] in theorem ...\n\nNote: This linter can be disabled with `set_option linter.unusedSectionVars false`",
   "level": "warning"},
  {"message":
   "Perspective/AttractorBasins.lean:200:41: unused variable `point`\n\nNote: This linter can be disabled with `set_option linter.unusedVariables false`",
   "level": "warning"},
  {"message":
   "Perspective/AttractorBasins.lean:201:37: unused variable `epsilon`\n\nNote: This linter can be disabled with `set_option linter.unusedVariables false`",
   "level": "warning"},
  {"message":
   "Perspective/AttractorBasins.lean:202:5: unused variable `h_nonempty`\n\nNote: This linter can be disabled with `set_option linter.unusedVariables false`",
   "level": "warning"},
  {"message":
   "Perspective/AttractorBasins.lean:217:6: unused variable `dimension`\n\nNote: This linter can be disabled with `set_option linter.unusedVariables false`",
   "level": "warning"},
  {"message":
   "Perspective/AttractorBasins.lean:230:0: automatically included section variable(s) unused in theorem `AttractorBasins.basin_volume_nonneg`:\n  [DecidableEq S]\nconsider restructuring your `variable` declarations so that the variables are not in scope or explicitly omit them:\n  omit [DecidableEq S] in theorem ...\n\nNote: This linter can be disabled with `set_option linter.unusedSectionVars false`",
   "level": "warning"},
  {"message":
   "Perspective/AttractorBasins.lean:287:0: automatically included section variable(s) unused in theorem `AttractorBasins.small_perturbation_stays`:\n  [DecidableEq S]\nconsider restructuring your `variable` declarations so that the variables are not in scope or explicitly omit them:\n  omit [DecidableEq S] in theorem ...\n\nNote: This linter can be disabled with `set_option linter.unusedSectionVars false`",
   "level": "warning"},
  {"message":
   "Perspective/AttractorBasins.lean:290:5: unused variable `h_small`\n\nNote: This linter can be disabled with `set_option linter.unusedVariables false`",
   "level": "warning"},
  {"message":
   "Perspective/AttractorBasins.lean:339:44: unused variable `hn`\n\nNote: This linter can be disabled with `set_option linter.unusedVariables false`",
   "level": "warning"},
  {"message":
   "Perspective/AttractorBasins.lean:340:53: unused variable `hε`\n\nNote: This linter can be disabled with `set_option linter.unusedVariables false`",
   "level": "warning"}],
 "inputs":
 [["Perspective.AttractorBasins:deps",
   [["deps",
     [["CohomologyFoundations/Perspective:extraDep",
       [["@CohomologyFoundations:extraDep", "00000000000006bb"]]],
      ["imports",
       [["Perspective.Hysteresis transitive imports (legacy)",
         "f2787b0cb06fdc6e"],
        ["Perspective.Hysteresis:importAllArts", "c2f2678be3ec0404"]]]]],
    ["libs",
     [["import dynlibs", "00000000000006bb"],
      ["package external libraries", "00000000000006bb"],
      ["module dynlibs", "00000000000006bb"],
      ["module plugins", "00000000000006bb"]]]]],
  ["Lean 4.26.0, commit d8204c9fd894f91bbb2cdfec5912ec8196fd8562",
   "9c9419104e9584f8"],
  ["/workspaces/Cohomology-Foundations/Perspective/AttractorBasins.lean",
   "16edc603e4751b82"],
  ["options",
   [["-Dpp.unicode.fun=true", "9b94070140457fab"],
    ["-DautoImplicit=false", "4a85acb881fd49d0"]]],
  ["Module.leanArgs: #[]", "00000000000006bb"]],
 "depHash": "e01ebebc5a5392d3"}