{"synthetic": false,
 "schemaVersion": "2025-09-10",
 "outputs":
 {"o": ["dd75624c4a56ae0c.olean"],
  "i": "b28fbbfa98e6aa4d.ilean",
  "c": "c0b3b33edaab78d9.c"},
 "log":
 [{"message":
   ".> LEAN_PATH=/workspaces/Cohomology-Foundations/.lake/packages/Cli/.lake/build/lib/lean:/workspaces/Cohomology-Foundations/.lake/packages/batteries/.lake/build/lib/lean:/workspaces/Cohomology-Foundations/.lake/packages/Qq/.lake/build/lib/lean:/workspaces/Cohomology-Foundations/.lake/packages/aesop/.lake/build/lib/lean:/workspaces/Cohomology-Foundations/.lake/packages/proofwidgets/.lake/build/lib/lean:/workspaces/Cohomology-Foundations/.lake/packages/importGraph/.lake/build/lib/lean:/workspaces/Cohomology-Foundations/.lake/packages/LeanSearchClient/.lake/build/lib/lean:/workspaces/Cohomology-Foundations/.lake/packages/plausible/.lake/build/lib/lean:/workspaces/Cohomology-Foundations/.lake/packages/mathlib/.lake/build/lib/lean:/workspaces/Cohomology-Foundations/.lake/build/lib/lean /home/vscode/.elan/toolchains/leanprover--lean4---v4.27.0/bin/lean /workspaces/Cohomology-Foundations/Perspective/Barrier.lean -o /workspaces/Cohomology-Foundations/.lake/build/lib/lean/Perspective/Barrier.olean -i /workspaces/Cohomology-Foundations/.lake/build/lib/lean/Perspective/Barrier.ilean -c /workspaces/Cohomology-Foundations/.lake/build/ir/Perspective/Barrier.c --setup /workspaces/Cohomology-Foundations/.lake/build/ir/Perspective/Barrier.setup.json --json",
   "level": "trace"},
  {"message":
   "Perspective/Barrier.lean:96:24: unused variable `systems`\n\nNote: This linter can be disabled with `set_option linter.unusedVariables false`",
   "level": "warning"},
  {"message":
   "Perspective/Barrier.lean:115:23: unused variable `systems`\n\nNote: This linter can be disabled with `set_option linter.unusedVariables false`",
   "level": "warning"},
  {"message":
   "Perspective/Barrier.lean:152:0: automatically included section variable(s) unused in theorem `Barrier.hollow_triangle_barrier`:\n  [DecidableEq S]\nconsider restructuring your `variable` declarations so that the variables are not in scope or explicitly omit them:\n  omit [DecidableEq S] in theorem ...\n\nNote: This linter can be disabled with `set_option linter.unusedSectionVars false`",
   "level": "warning"},
  {"message":
   "Perspective/Barrier.lean:190:0: automatically included section variable(s) unused in theorem `Barrier.no_barrier_two_agents`:\n  [DecidableEq S]\nconsider restructuring your `variable` declarations so that the variables are not in scope or explicitly omit them:\n  omit [DecidableEq S] in theorem ...\n\nNote: This linter can be disabled with `set_option linter.unusedSectionVars false`",
   "level": "warning"},
  {"message":
   "Perspective/Barrier.lean:200:0: automatically included section variable(s) unused in theorem `Barrier.barrier_needs_three`:\n  [DecidableEq S]\nconsider restructuring your `variable` declarations so that the variables are not in scope or explicitly omit them:\n  omit [DecidableEq S] in theorem ...\n\nNote: This linter can be disabled with `set_option linter.unusedSectionVars false`",
   "level": "warning"},
  {"message":
   "Perspective/Barrier.lean:224:37: unused variable `systems`\n\nNote: This linter can be disabled with `set_option linter.unusedVariables false`",
   "level": "warning"},
  {"message":
   "Perspective/Barrier.lean:225:5: unused variable `epsilon`\n\nNote: This linter can be disabled with `set_option linter.unusedVariables false`",
   "level": "warning"},
  {"message":
   "Perspective/Barrier.lean:265:0: automatically included section variable(s) unused in theorem `Barrier.remove_agent_can_break_barrier`:\n  [DecidableEq S]\nconsider restructuring your `variable` declarations so that the variables are not in scope or explicitly omit them:\n  omit [DecidableEq S] in theorem ...\n\nNote: This linter can be disabled with `set_option linter.unusedSectionVars false`",
   "level": "warning"},
  {"message":
   "Perspective/Barrier.lean:277:0: automatically included section variable(s) unused in theorem `Barrier.hollow_triangle_any_removal_works`:\n  [DecidableEq S]\nconsider restructuring your `variable` declarations so that the variables are not in scope or explicitly omit them:\n  omit [DecidableEq S] in theorem ...\n\nNote: This linter can be disabled with `set_option linter.unusedSectionVars false`",
   "level": "warning"},
  {"message":
   "Perspective/Barrier.lean:280:5: unused variable `h_barrier`\n\nNote: This linter can be disabled with `set_option linter.unusedVariables false`",
   "level": "warning"},
  {"message":
   "Perspective/Barrier.lean:300:29: unused variable `systems`\n\nNote: This linter can be disabled with `set_option linter.unusedVariables false`",
   "level": "warning"},
  {"message":
   "Perspective/Barrier.lean:301:5: unused variable `epsilon`\n\nNote: This linter can be disabled with `set_option linter.unusedVariables false`",
   "level": "warning"},
  {"message":
   "Perspective/Barrier.lean:380:2: Try this: intro h_strong M hM plan h_feas",
   "level": "warning"},
  {"message":
   "Perspective/Barrier.lean:393:36: unused variable `systems`\n\nNote: This linter can be disabled with `set_option linter.unusedVariables false`",
   "level": "warning"},
  {"message":
   "Perspective/Barrier.lean:394:5: unused variable `epsilon`\n\nNote: This linter can be disabled with `set_option linter.unusedVariables false`",
   "level": "warning"},
  {"message":
   "Perspective/Barrier.lean:402:31: unused variable `systems`\n\nNote: This linter can be disabled with `set_option linter.unusedVariables false`",
   "level": "warning"},
  {"message":
   "Perspective/Barrier.lean:403:5: unused variable `epsilon`\n\nNote: This linter can be disabled with `set_option linter.unusedVariables false`",
   "level": "warning"},
  {"message":
   "Perspective/Barrier.lean:411:44: unused variable `systems`\n\nNote: This linter can be disabled with `set_option linter.unusedVariables false`",
   "level": "warning"},
  {"message":
   "Perspective/Barrier.lean:412:5: unused variable `epsilon`\n\nNote: This linter can be disabled with `set_option linter.unusedVariables false`",
   "level": "warning"},
  {"message":
   "Perspective/Barrier.lean:430:33: unused variable `systems`\n\nNote: This linter can be disabled with `set_option linter.unusedVariables false`",
   "level": "warning"},
  {"message":
   "Perspective/Barrier.lean:431:5: unused variable `epsilon`\n\nNote: This linter can be disabled with `set_option linter.unusedVariables false`",
   "level": "warning"},
  {"message":
   "Perspective/Barrier.lean:440:0: automatically included section variable(s) unused in theorem `Barrier.barrier_always_resolvable`:\n  [DecidableEq S]\nconsider restructuring your `variable` declarations so that the variables are not in scope or explicitly omit them:\n  omit [DecidableEq S] in theorem ...\n\nNote: This linter can be disabled with `set_option linter.unusedSectionVars false`",
   "level": "warning"},
  {"message":
   "Perspective/Barrier.lean:441:53: unused variable `hε`\n\nNote: This linter can be disabled with `set_option linter.unusedVariables false`",
   "level": "warning"},
  {"message":
   "Perspective/Barrier.lean:443:5: unused variable `h_barrier`\n\nNote: This linter can be disabled with `set_option linter.unusedVariables false`",
   "level": "warning"},
  {"message":
   "Perspective/Barrier.lean:444:7: unused variable `changes`\n\nNote: This linter can be disabled with `set_option linter.unusedVariables false`",
   "level": "warning"},
  {"message":
   "Perspective/Barrier.lean:465:0: automatically included section variable(s) unused in theorem `Barrier.barrier_analysis_product`:\n  [DecidableEq S]\nconsider restructuring your `variable` declarations so that the variables are not in scope or explicitly omit them:\n  omit [DecidableEq S] in theorem ...\n\nNote: This linter can be disabled with `set_option linter.unusedSectionVars false`",
   "level": "warning"},
  {"message":
   "Perspective/Barrier.lean:466:19: unused variable `hε`\n\nNote: This linter can be disabled with `set_option linter.unusedVariables false`",
   "level": "warning"}],
 "inputs":
 [["Perspective.Barrier:deps",
   [["deps",
     [["CohomologyFoundations/Perspective:extraDep",
       [["@CohomologyFoundations:extraDep", "00000000000006bb"]]],
      ["imports",
       [["Perspective.Compositional transitive imports (legacy)",
         "df8a08a3c2388eb7"],
        ["Perspective.Compositional:importAllArts", "802b09a3052dc138"],
        ["H1Characterization.Characterization transitive imports (legacy)",
         "d44eae2e266df7c7"],
        ["H1Characterization.Characterization:importAllArts",
         "16ed3fa50b836d3f"]]]]],
    ["libs",
     [["import dynlibs", "00000000000006bb"],
      ["package external libraries", "00000000000006bb"],
      ["module dynlibs", "00000000000006bb"],
      ["module plugins", "00000000000006bb"]]]]],
  ["Lean 4.27.0, commit db93fe1608548721853390a10cd40580fe7d22ae",
   "9a2be90fd35343e5"],
  ["/workspaces/Cohomology-Foundations/Perspective/Barrier.lean",
   "c49e91d1dd8c4427"],
  ["options",
   [["-Dpp.unicode.fun=true", "9b94070140457fab"],
    ["-DautoImplicit=false", "4a85acb881fd49d0"]]],
  ["Module.leanArgs: #[]", "00000000000006bb"]],
 "depHash": "22e8677b80aa3d05"}