{"synthetic": false,
 "schemaVersion": "2025-09-10",
 "outputs":
 {"o": ["9985ce5acefea8e8.olean"],
  "i": "123c69e684079fe9.ilean",
  "c": "f3c1ee35eaccd14a.c"},
 "log":
 [{"message":
   ".> LEAN_PATH=/workspaces/Cohomology-Foundations/.lake/packages/Cli/.lake/build/lib/lean:/workspaces/Cohomology-Foundations/.lake/packages/batteries/.lake/build/lib/lean:/workspaces/Cohomology-Foundations/.lake/packages/Qq/.lake/build/lib/lean:/workspaces/Cohomology-Foundations/.lake/packages/aesop/.lake/build/lib/lean:/workspaces/Cohomology-Foundations/.lake/packages/proofwidgets/.lake/build/lib/lean:/workspaces/Cohomology-Foundations/.lake/packages/importGraph/.lake/build/lib/lean:/workspaces/Cohomology-Foundations/.lake/packages/LeanSearchClient/.lake/build/lib/lean:/workspaces/Cohomology-Foundations/.lake/packages/plausible/.lake/build/lib/lean:/workspaces/Cohomology-Foundations/.lake/packages/mathlib/.lake/build/lib/lean:/workspaces/Cohomology-Foundations/.lake/build/lib/lean /home/vscode/.elan/toolchains/leanprover--lean4---v4.26.0/bin/lean /workspaces/Cohomology-Foundations/Perspective/ConflictResolution.lean -o /workspaces/Cohomology-Foundations/.lake/build/lib/lean/Perspective/ConflictResolution.olean -i /workspaces/Cohomology-Foundations/.lake/build/lib/lean/Perspective/ConflictResolution.ilean -c /workspaces/Cohomology-Foundations/.lake/build/ir/Perspective/ConflictResolution.c --setup /workspaces/Cohomology-Foundations/.lake/build/ir/Perspective/ConflictResolution.setup.json --json",
   "level": "trace"},
  {"message":
   "Perspective/ConflictResolution.lean:86:5: unused variable `ht`\n\nNote: This linter can be disabled with `set_option linter.unusedVariables false`",
   "level": "warning"},
  {"message":
   "Perspective/ConflictResolution.lean:175:19: unused variable `he`\n\nNote: This linter can be disabled with `set_option linter.unusedVariables false`",
   "level": "warning"},
  {"message":
   "Perspective/ConflictResolution.lean:176:5: unused variable `h_in_cycle`\n\nNote: This linter can be disabled with `set_option linter.unusedVariables false`",
   "level": "warning"},
  {"message":
   "Perspective/ConflictResolution.lean:189:8: declaration uses 'sorry'",
   "level": "warning"},
  {"message":
   "Perspective/ConflictResolution.lean:210:8: declaration uses 'sorry'",
   "level": "warning"},
  {"message":
   "Perspective/ConflictResolution.lean:242:18: unused variable `hv`\n\nNote: This linter can be disabled with `set_option linter.unusedVariables false`",
   "level": "warning"},
  {"message":
   "Perspective/ConflictResolution.lean:243:5: unused variable `h_in_cycle`\n\nNote: This linter can be disabled with `set_option linter.unusedVariables false`",
   "level": "warning"},
  {"message":
   "Perspective/ConflictResolution.lean:261:8: declaration uses 'sorry'",
   "level": "warning"},
  {"message":
   "Perspective/ConflictResolution.lean:280:0: automatically included section variable(s) unused in theorem `Perspective.alignment_resolution_exists`:\n  [Fintype S]\n  [DecidableEq S]\nconsider restructuring your `variable` declarations so that the variables are not in scope or explicitly omit them:\n  omit [Fintype S] [DecidableEq S] in theorem ...\n\nNote: This linter can be disabled with `set_option linter.unusedSectionVars false`",
   "level": "warning"},
  {"message":
   "Perspective/ConflictResolution.lean:281:47: unused variable `hε`\n\nNote: This linter can be disabled with `set_option linter.unusedVariables false`",
   "level": "warning"},
  {"message":
   "Perspective/ConflictResolution.lean:282:5: unused variable `h_no_global`\n\nNote: This linter can be disabled with `set_option linter.unusedVariables false`",
   "level": "warning"},
  {"message":
   "Perspective/ConflictResolution.lean:283:6: unused variable `r`\n\nNote: This linter can be disabled with `set_option linter.unusedVariables false`",
   "level": "warning"},
  {"message":
   "Perspective/ConflictResolution.lean:345:38: unused variable `hn`\n\nNote: This linter can be disabled with `set_option linter.unusedVariables false`",
   "level": "warning"},
  {"message":
   "Perspective/ConflictResolution.lean:346:5: unused variable `hcs`\n\nNote: This linter can be disabled with `set_option linter.unusedVariables false`",
   "level": "warning"}],
 "inputs":
 [["Perspective.ConflictResolution:deps",
   [["deps",
     [["CohomologyFoundations/Perspective:extraDep",
       [["@CohomologyFoundations:extraDep", "00000000000006bb"]]],
      ["imports",
       [["Perspective.ConflictLocalization transitive imports (legacy)",
         "6f6b20b3db685cdb"],
        ["Perspective.ConflictLocalization:importAllArts", "1296aa1b5d642c38"],
        ["H1Characterization.Characterization transitive imports (legacy)",
         "1ceb156b65f4c1d3"],
        ["H1Characterization.Characterization:importAllArts",
         "db91a8fda58a7315"]]]]],
    ["libs",
     [["import dynlibs", "00000000000006bb"],
      ["package external libraries", "00000000000006bb"],
      ["module dynlibs", "00000000000006bb"],
      ["module plugins", "00000000000006bb"]]]]],
  ["Lean 4.26.0, commit d8204c9fd894f91bbb2cdfec5912ec8196fd8562",
   "9c9419104e9584f8"],
  ["/workspaces/Cohomology-Foundations/Perspective/ConflictResolution.lean",
   "d4f6b4ee579a422a"],
  ["options",
   [["-Dpp.unicode.fun=true", "9b94070140457fab"],
    ["-DautoImplicit=false", "4a85acb881fd49d0"]]],
  ["Module.leanArgs: #[]", "00000000000006bb"]],
 "depHash": "3c4a8f29f143417f"}