{"synthetic": false,
 "schemaVersion": "2025-09-10",
 "outputs":
 {"o": ["8965ae09d9544ff9.olean"],
  "i": "7b307d603fb18b1b.ilean",
  "c": "df5f50a8e8ea915e.c"},
 "log":
 [{"message":
   ".> LEAN_PATH=/workspaces/Cohomology-Foundations/.lake/packages/Cli/.lake/build/lib/lean:/workspaces/Cohomology-Foundations/.lake/packages/batteries/.lake/build/lib/lean:/workspaces/Cohomology-Foundations/.lake/packages/Qq/.lake/build/lib/lean:/workspaces/Cohomology-Foundations/.lake/packages/aesop/.lake/build/lib/lean:/workspaces/Cohomology-Foundations/.lake/packages/proofwidgets/.lake/build/lib/lean:/workspaces/Cohomology-Foundations/.lake/packages/importGraph/.lake/build/lib/lean:/workspaces/Cohomology-Foundations/.lake/packages/LeanSearchClient/.lake/build/lib/lean:/workspaces/Cohomology-Foundations/.lake/packages/plausible/.lake/build/lib/lean:/workspaces/Cohomology-Foundations/.lake/packages/mathlib/.lake/build/lib/lean:/workspaces/Cohomology-Foundations/.lake/build/lib/lean /home/vscode/.elan/toolchains/leanprover--lean4---v4.27.0/bin/lean /workspaces/Cohomology-Foundations/Perspective/CriticalPoints.lean -o /workspaces/Cohomology-Foundations/.lake/build/lib/lean/Perspective/CriticalPoints.olean -i /workspaces/Cohomology-Foundations/.lake/build/lib/lean/Perspective/CriticalPoints.ilean -c /workspaces/Cohomology-Foundations/.lake/build/ir/Perspective/CriticalPoints.c --setup /workspaces/Cohomology-Foundations/.lake/build/ir/Perspective/CriticalPoints.setup.json --json",
   "level": "trace"},
  {"message":
   "Perspective/CriticalPoints.lean:74:0: automatically included section variable(s) unused in theorem `CriticalPoints.misalignment_nonneg`:\n  [DecidableEq S]\nconsider restructuring your `variable` declarations so that the variables are not in scope or explicitly omit them:\n  omit [DecidableEq S] in theorem ...\n\nNote: This linter can be disabled with `set_option linter.unusedSectionVars false`",
   "level": "warning"},
  {"message":
   "Perspective/CriticalPoints.lean:104:0: automatically included section variable(s) unused in theorem `CriticalPoints.misalignment_zero_iff_aligned`:\n  [DecidableEq S]\nconsider restructuring your `variable` declarations so that the variables are not in scope or explicitly omit them:\n  omit [DecidableEq S] in theorem ...\n\nNote: This linter can be disabled with `set_option linter.unusedSectionVars false`",
   "level": "warning"},
  {"message":
   "Perspective/CriticalPoints.lean:165:0: automatically included section variable(s) unused in theorem `CriticalPoints.gradient_zero_when_aligned`:\n  [DecidableEq S]\nconsider restructuring your `variable` declarations so that the variables are not in scope or explicitly omit them:\n  omit [DecidableEq S] in theorem ...\n\nNote: This linter can be disabled with `set_option linter.unusedSectionVars false`",
   "level": "warning"},
  {"message":
   "Perspective/CriticalPoints.lean:358:0: automatically included section variable(s) unused in theorem `CriticalPoints.saddle_has_escape`:\n  [DecidableEq S]\nconsider restructuring your `variable` declarations so that the variables are not in scope or explicitly omit them:\n  omit [DecidableEq S] in theorem ...\n\nNote: This linter can be disabled with `set_option linter.unusedSectionVars false`",
   "level": "warning"},
  {"message":
   "Perspective/CriticalPoints.lean:369:0: automatically included section variable(s) unused in theorem `CriticalPoints.escape_decreases_misalignment`:\n  [DecidableEq S]\nconsider restructuring your `variable` declarations so that the variables are not in scope or explicitly omit them:\n  omit [DecidableEq S] in theorem ...\n\nNote: This linter can be disabled with `set_option linter.unusedSectionVars false`",
   "level": "warning"},
  {"message":
   "Perspective/CriticalPoints.lean:373:5: unused variable `h_escape`\n\nNote: This linter can be disabled with `set_option linter.unusedVariables false`",
   "level": "warning"},
  {"message":
   "Perspective/CriticalPoints.lean:398:25: unused variable `systems`\n\nNote: This linter can be disabled with `set_option linter.unusedVariables false`",
   "level": "warning"},
  {"message":
   "Perspective/CriticalPoints.lean:399:5: unused variable `epsilon`\n\nNote: This linter can be disabled with `set_option linter.unusedVariables false`",
   "level": "warning"},
  {"message":
   "Perspective/CriticalPoints.lean:408:0: automatically included section variable(s) unused in theorem `CriticalPoints.escape_trap_requires_perturbation`:\n  [DecidableEq S]\nconsider restructuring your `variable` declarations so that the variables are not in scope or explicitly omit them:\n  omit [DecidableEq S] in theorem ...\n\nNote: This linter can be disabled with `set_option linter.unusedSectionVars false`",
   "level": "warning"},
  {"message":
   "Perspective/CriticalPoints.lean:411:5: unused variable `h_trap`\n\nNote: This linter can be disabled with `set_option linter.unusedVariables false`",
   "level": "warning"},
  {"message":
   "Perspective/CriticalPoints.lean:433:34: unused variable `hn`\n\nNote: This linter can be disabled with `set_option linter.unusedVariables false`",
   "level": "warning"},
  {"message":
   "Perspective/CriticalPoints.lean:434:5: unused variable `counts`\n\nNote: This linter can be disabled with `set_option linter.unusedVariables false`",
   "level": "warning"},
  {"message":
   "Perspective/CriticalPoints.lean:465:5: unused variable `epsilon`\n\nNote: This linter can be disabled with `set_option linter.unusedVariables false`",
   "level": "warning"},
  {"message":
   "Perspective/CriticalPoints.lean:475:0: automatically included section variable(s) unused in theorem `CriticalPoints.random_perturbation_escapes`:\n  [Fintype S]\n  [DecidableEq S]\nconsider restructuring your `variable` declarations so that the variables are not in scope or explicitly omit them:\n  omit [Fintype S] [DecidableEq S] in theorem ...\n\nNote: This linter can be disabled with `set_option linter.unusedSectionVars false`",
   "level": "warning"},
  {"message":
   "Perspective/CriticalPoints.lean:476:5: unused variable `systems`\n\nNote: This linter can be disabled with `set_option linter.unusedVariables false`",
   "level": "warning"},
  {"message":
   "Perspective/CriticalPoints.lean:476:39: unused variable `epsilon`\n\nNote: This linter can be disabled with `set_option linter.unusedVariables false`",
   "level": "warning"},
  {"message":
   "Perspective/CriticalPoints.lean:476:47: unused variable `perturbation`\n\nNote: This linter can be disabled with `set_option linter.unusedVariables false`",
   "level": "warning"},
  {"message":
   "Perspective/CriticalPoints.lean:544:40: unused variable `hn`\n\nNote: This linter can be disabled with `set_option linter.unusedVariables false`",
   "level": "warning"},
  {"message":
   "Perspective/CriticalPoints.lean:545:53: unused variable `hε`\n\nNote: This linter can be disabled with `set_option linter.unusedVariables false`",
   "level": "warning"}],
 "inputs":
 [["Perspective.CriticalPoints:deps",
   [["deps",
     [["CohomologyFoundations/Perspective:extraDep",
       [["@CohomologyFoundations:extraDep", "00000000000006bb"]]],
      ["imports",
       [["Perspective.Curvature transitive imports (legacy)",
         "4ef7362680827698"],
        ["Perspective.Curvature:importAllArts", "ecbba6789a2971ea"]]]]],
    ["libs",
     [["import dynlibs", "00000000000006bb"],
      ["package external libraries", "00000000000006bb"],
      ["module dynlibs", "00000000000006bb"],
      ["module plugins", "00000000000006bb"]]]]],
  ["Lean 4.27.0, commit db93fe1608548721853390a10cd40580fe7d22ae",
   "9a2be90fd35343e5"],
  ["/workspaces/Cohomology-Foundations/Perspective/CriticalPoints.lean",
   "cd575edb79930c9a"],
  ["options",
   [["-Dpp.unicode.fun=true", "9b94070140457fab"],
    ["-DautoImplicit=false", "4a85acb881fd49d0"]]],
  ["Module.leanArgs: #[]", "00000000000006bb"]],
 "depHash": "20e962e829eae006"}