{"synthetic": false,
 "schemaVersion": "2025-09-10",
 "outputs":
 {"o": ["bde88be5f575fa88.olean"],
  "i": "4b4e52f32a4ca2e8.ilean",
  "c": "f8dd737c7317ec13.c"},
 "log":
 [{"message":
   ".> LEAN_PATH=/workspaces/Cohomology-Foundations/.lake/packages/Cli/.lake/build/lib/lean:/workspaces/Cohomology-Foundations/.lake/packages/batteries/.lake/build/lib/lean:/workspaces/Cohomology-Foundations/.lake/packages/Qq/.lake/build/lib/lean:/workspaces/Cohomology-Foundations/.lake/packages/aesop/.lake/build/lib/lean:/workspaces/Cohomology-Foundations/.lake/packages/proofwidgets/.lake/build/lib/lean:/workspaces/Cohomology-Foundations/.lake/packages/importGraph/.lake/build/lib/lean:/workspaces/Cohomology-Foundations/.lake/packages/LeanSearchClient/.lake/build/lib/lean:/workspaces/Cohomology-Foundations/.lake/packages/plausible/.lake/build/lib/lean:/workspaces/Cohomology-Foundations/.lake/packages/mathlib/.lake/build/lib/lean:/workspaces/Cohomology-Foundations/.lake/build/lib/lean /home/vscode/.elan/toolchains/leanprover--lean4---v4.27.0/bin/lean /workspaces/Cohomology-Foundations/Perspective/DimensionBound.lean -o /workspaces/Cohomology-Foundations/.lake/build/lib/lean/Perspective/DimensionBound.olean -i /workspaces/Cohomology-Foundations/.lake/build/lib/lean/Perspective/DimensionBound.ilean -c /workspaces/Cohomology-Foundations/.lake/build/ir/Perspective/DimensionBound.c --setup /workspaces/Cohomology-Foundations/.lake/build/ir/Perspective/DimensionBound.setup.json --json",
   "level": "trace"},
  {"message":
   "Perspective/DimensionBound.lean:66:17: unused variable `K`\n\nNote: This linter can be disabled with `set_option linter.unusedVariables false`",
   "level": "warning"},
  {"message":
   "Perspective/DimensionBound.lean:169:44: unused variable `hn`\n\nNote: This linter can be disabled with `set_option linter.unusedVariables false`",
   "level": "warning"},
  {"message":
   "Perspective/DimensionBound.lean:390:19: unused variable `he`\n\nNote: This linter can be disabled with `set_option linter.unusedVariables false`",
   "level": "warning"},
  {"message":
   "Perspective/DimensionBound.lean:390:37: unused variable `he_new`\n\nNote: This linter can be disabled with `set_option linter.unusedVariables false`",
   "level": "warning"},
  {"message":
   "Perspective/DimensionBound.lean:405:19: unused variable `he`\n\nNote: This linter can be disabled with `set_option linter.unusedVariables false`",
   "level": "warning"},
  {"message":
   "Perspective/DimensionBound.lean:405:37: unused variable `he_in`\n\nNote: This linter can be disabled with `set_option linter.unusedVariables false`",
   "level": "warning"}],
 "inputs":
 [["Perspective.DimensionBound:deps",
   [["deps",
     [["CohomologyFoundations/Perspective:extraDep",
       [["@CohomologyFoundations:extraDep", "00000000000006bb"]]],
      ["imports",
       [["Perspective.MayerVietoris transitive imports (legacy)",
         "1f3633dc246f7128"],
        ["Perspective.MayerVietoris:importAllArts", "e54a3c81be37e2c5"],
        ["H1Characterization.Characterization transitive imports (legacy)",
         "d44eae2e266df7c7"],
        ["H1Characterization.Characterization:importAllArts",
         "16ed3fa50b836d3f"]]]]],
    ["libs",
     [["import dynlibs", "00000000000006bb"],
      ["package external libraries", "00000000000006bb"],
      ["module dynlibs", "00000000000006bb"],
      ["module plugins", "00000000000006bb"]]]]],
  ["Lean 4.27.0, commit db93fe1608548721853390a10cd40580fe7d22ae",
   "9a2be90fd35343e5"],
  ["/workspaces/Cohomology-Foundations/Perspective/DimensionBound.lean",
   "b7cc9e7136c5bfdb"],
  ["options",
   [["-Dpp.unicode.fun=true", "9b94070140457fab"],
    ["-DautoImplicit=false", "4a85acb881fd49d0"]]],
  ["Module.leanArgs: #[]", "00000000000006bb"]],
 "depHash": "b78174bba680ddf1"}