{"synthetic": false,
 "schemaVersion": "2025-09-10",
 "outputs":
 {"o": ["b78dd92361dd7922.olean"],
  "i": "831785701363ea1e.ilean",
  "c": "7ebed31648888a26.c"},
 "log":
 [{"message":
   ".> LEAN_PATH=/workspaces/Cohomology-Foundations/.lake/packages/Cli/.lake/build/lib/lean:/workspaces/Cohomology-Foundations/.lake/packages/batteries/.lake/build/lib/lean:/workspaces/Cohomology-Foundations/.lake/packages/Qq/.lake/build/lib/lean:/workspaces/Cohomology-Foundations/.lake/packages/aesop/.lake/build/lib/lean:/workspaces/Cohomology-Foundations/.lake/packages/proofwidgets/.lake/build/lib/lean:/workspaces/Cohomology-Foundations/.lake/packages/importGraph/.lake/build/lib/lean:/workspaces/Cohomology-Foundations/.lake/packages/LeanSearchClient/.lake/build/lib/lean:/workspaces/Cohomology-Foundations/.lake/packages/plausible/.lake/build/lib/lean:/workspaces/Cohomology-Foundations/.lake/packages/mathlib/.lake/build/lib/lean:/workspaces/Cohomology-Foundations/.lake/build/lib/lean /home/vscode/.elan/toolchains/leanprover--lean4---v4.27.0/bin/lean /workspaces/Cohomology-Foundations/Perspective/FairnessDynamics.lean -o /workspaces/Cohomology-Foundations/.lake/build/lib/lean/Perspective/FairnessDynamics.olean -i /workspaces/Cohomology-Foundations/.lake/build/lib/lean/Perspective/FairnessDynamics.ilean -c /workspaces/Cohomology-Foundations/.lake/build/ir/Perspective/FairnessDynamics.c --setup /workspaces/Cohomology-Foundations/.lake/build/ir/Perspective/FairnessDynamics.setup.json --json",
   "level": "trace"},
  {"message":
   "Perspective/FairnessDynamics.lean:81:2: The namespace 'FairnessDynamics' is duplicated in the declaration 'FairnessDynamics.FairnessDynamics.continuous'\n\nNote: This linter can be disabled with `set_option linter.dupNamespace false`",
   "level": "warning"},
  {"message":
   "Perspective/FairnessDynamics.lean:77:10: The namespace 'FairnessDynamics' is duplicated in the declaration 'FairnessDynamics.FairnessDynamics'\n\nNote: This linter can be disabled with `set_option linter.dupNamespace false`",
   "level": "warning"},
  {"message":
   "Perspective/FairnessDynamics.lean:79:2: The namespace 'FairnessDynamics' is duplicated in the declaration 'FairnessDynamics.FairnessDynamics.stateAt'\n\nNote: This linter can be disabled with `set_option linter.dupNamespace false`",
   "level": "warning"},
  {"message":
   "Perspective/FairnessDynamics.lean:77:10: The namespace 'FairnessDynamics' is duplicated in the declaration 'FairnessDynamics.FairnessDynamics.mk'\n\nNote: This linter can be disabled with `set_option linter.dupNamespace false`",
   "level": "warning"},
  {"message":
   "Perspective/FairnessDynamics.lean:208:55: unused variable `attractor`\n\nNote: This linter can be disabled with `set_option linter.unusedVariables false`",
   "level": "warning"},
  {"message":
   "Perspective/FairnessDynamics.lean:267:25: unused variable `dynamics`\n\nNote: This linter can be disabled with `set_option linter.unusedVariables false`",
   "level": "warning"},
  {"message":
   "Perspective/FairnessDynamics.lean:267:57: unused variable `a`\n\nNote: This linter can be disabled with `set_option linter.unusedVariables false`",
   "level": "warning"}],
 "inputs":
 [["Perspective.FairnessDynamics:deps",
   [["deps",
     [["CohomologyFoundations/Perspective:extraDep",
       [["@CohomologyFoundations:extraDep", "00000000000006bb"]]],
      ["imports",
       [["Perspective.FairnessPersistence transitive imports (legacy)",
         "775b37cdcf21c9f0"],
        ["Perspective.FairnessPersistence:importAllArts",
         "53ef21cb64108be9"]]]]],
    ["libs",
     [["import dynlibs", "00000000000006bb"],
      ["package external libraries", "00000000000006bb"],
      ["module dynlibs", "00000000000006bb"],
      ["module plugins", "00000000000006bb"]]]]],
  ["Lean 4.27.0, commit db93fe1608548721853390a10cd40580fe7d22ae",
   "9a2be90fd35343e5"],
  ["/workspaces/Cohomology-Foundations/Perspective/FairnessDynamics.lean",
   "621ffb3f557d3cda"],
  ["options",
   [["-Dpp.unicode.fun=true", "9b94070140457fab"],
    ["-DautoImplicit=false", "4a85acb881fd49d0"]]],
  ["Module.leanArgs: #[]", "00000000000006bb"]],
 "depHash": "2ea2cdf49a2828f2"}