{"synthetic": false,
 "schemaVersion": "2025-09-10",
 "outputs":
 {"o": ["af826c09f52eaef4.olean"],
  "i": "e52acaf6dd577115.ilean",
  "c": "fc928a132b9d1308.c"},
 "log":
 [{"message":
   ".> LEAN_PATH=/workspaces/Cohomology-Foundations/.lake/packages/Cli/.lake/build/lib/lean:/workspaces/Cohomology-Foundations/.lake/packages/batteries/.lake/build/lib/lean:/workspaces/Cohomology-Foundations/.lake/packages/Qq/.lake/build/lib/lean:/workspaces/Cohomology-Foundations/.lake/packages/aesop/.lake/build/lib/lean:/workspaces/Cohomology-Foundations/.lake/packages/proofwidgets/.lake/build/lib/lean:/workspaces/Cohomology-Foundations/.lake/packages/importGraph/.lake/build/lib/lean:/workspaces/Cohomology-Foundations/.lake/packages/LeanSearchClient/.lake/build/lib/lean:/workspaces/Cohomology-Foundations/.lake/packages/plausible/.lake/build/lib/lean:/workspaces/Cohomology-Foundations/.lake/packages/mathlib/.lake/build/lib/lean:/workspaces/Cohomology-Foundations/.lake/build/lib/lean /home/vscode/.elan/toolchains/leanprover--lean4---v4.27.0/bin/lean /workspaces/Cohomology-Foundations/Perspective/FairnessLearning.lean -o /workspaces/Cohomology-Foundations/.lake/build/lib/lean/Perspective/FairnessLearning.olean -i /workspaces/Cohomology-Foundations/.lake/build/lib/lean/Perspective/FairnessLearning.ilean -c /workspaces/Cohomology-Foundations/.lake/build/ir/Perspective/FairnessLearning.c --setup /workspaces/Cohomology-Foundations/.lake/build/ir/Perspective/FairnessLearning.setup.json --json",
   "level": "trace"},
  {"message":
   "Perspective/FairnessLearning.lean:86:26: unused variable `alg`\n\nNote: This linter can be disabled with `set_option linter.unusedVariables false`",
   "level": "warning"},
  {"message":
   "Perspective/FairnessLearning.lean:86:52: unused variable `prob`\n\nNote: This linter can be disabled with `set_option linter.unusedVariables false`",
   "level": "warning"},
  {"message":
   "Perspective/FairnessLearning.lean:102:27: unused variable `prob`\n\nNote: This linter can be disabled with `set_option linter.unusedVariables false`",
   "level": "warning"},
  {"message":
   "Perspective/FairnessLearning.lean:228:19: unused variable `ε`\n\nNote: This linter can be disabled with `set_option linter.unusedVariables false`",
   "level": "warning"},
  {"message":
   "Perspective/FairnessLearning.lean:246:29: unused variable `prob`\n\nNote: This linter can be disabled with `set_option linter.unusedVariables false`",
   "level": "warning"}],
 "inputs":
 [["Perspective.FairnessLearning:deps",
   [["deps",
     [["CohomologyFoundations/Perspective:extraDep",
       [["@CohomologyFoundations:extraDep", "00000000000006bb"]]],
      ["imports",
       [["Perspective.FairnessGames transitive imports (legacy)",
         "6ec86476baba05d0"],
        ["Perspective.FairnessGames:importAllArts", "441c5992592ab626"]]]]],
    ["libs",
     [["import dynlibs", "00000000000006bb"],
      ["package external libraries", "00000000000006bb"],
      ["module dynlibs", "00000000000006bb"],
      ["module plugins", "00000000000006bb"]]]]],
  ["Lean 4.27.0, commit db93fe1608548721853390a10cd40580fe7d22ae",
   "9a2be90fd35343e5"],
  ["/workspaces/Cohomology-Foundations/Perspective/FairnessLearning.lean",
   "1b0a9719f0935878"],
  ["options",
   [["-Dpp.unicode.fun=true", "9b94070140457fab"],
    ["-DautoImplicit=false", "4a85acb881fd49d0"]]],
  ["Module.leanArgs: #[]", "00000000000006bb"]],
 "depHash": "451690f8110122d9"}