{"synthetic": false,
 "schemaVersion": "2025-09-10",
 "outputs":
 {"o": ["b0eb6408d77afe72.olean"],
  "i": "aa71e2390f16c5f7.ilean",
  "c": "6102c3aa121ce498.c"},
 "log":
 [{"message":
   ".> LEAN_PATH=/workspaces/Cohomology-Foundations/.lake/packages/Cli/.lake/build/lib/lean:/workspaces/Cohomology-Foundations/.lake/packages/batteries/.lake/build/lib/lean:/workspaces/Cohomology-Foundations/.lake/packages/Qq/.lake/build/lib/lean:/workspaces/Cohomology-Foundations/.lake/packages/aesop/.lake/build/lib/lean:/workspaces/Cohomology-Foundations/.lake/packages/proofwidgets/.lake/build/lib/lean:/workspaces/Cohomology-Foundations/.lake/packages/importGraph/.lake/build/lib/lean:/workspaces/Cohomology-Foundations/.lake/packages/LeanSearchClient/.lake/build/lib/lean:/workspaces/Cohomology-Foundations/.lake/packages/plausible/.lake/build/lib/lean:/workspaces/Cohomology-Foundations/.lake/packages/mathlib/.lake/build/lib/lean:/workspaces/Cohomology-Foundations/.lake/build/lib/lean /home/vscode/.elan/toolchains/leanprover--lean4---v4.26.0/bin/lean /workspaces/Cohomology-Foundations/Perspective/FairnessAlignmentTradeoff.lean -o /workspaces/Cohomology-Foundations/.lake/build/lib/lean/Perspective/FairnessAlignmentTradeoff.olean -i /workspaces/Cohomology-Foundations/.lake/build/lib/lean/Perspective/FairnessAlignmentTradeoff.ilean -c /workspaces/Cohomology-Foundations/.lake/build/ir/Perspective/FairnessAlignmentTradeoff.c --setup /workspaces/Cohomology-Foundations/.lake/build/ir/Perspective/FairnessAlignmentTradeoff.setup.json --json",
   "level": "trace"},
  {"message":
   "Perspective/FairnessAlignmentTradeoff.lean:246:33: unused variable `feasible`\n\nNote: This linter can be disabled with `set_option linter.unusedVariables false`",
   "level": "warning"},
  {"message":
   "Perspective/FairnessAlignmentTradeoff.lean:247:5: unused variable `reference`\n\nNote: This linter can be disabled with `set_option linter.unusedVariables false`",
   "level": "warning"},
  {"message":
   "Perspective/FairnessAlignmentTradeoff.lean:247:29: unused variable `total`\n\nNote: This linter can be disabled with `set_option linter.unusedVariables false`",
   "level": "warning"}],
 "inputs":
 [["Perspective.FairnessAlignmentTradeoff:deps",
   [["deps",
     [["CohomologyFoundations/Perspective:extraDep",
       [["@CohomologyFoundations:extraDep", "00000000000006bb"]]],
      ["imports",
       [["Perspective.Proportionality transitive imports (legacy)",
         "6887bd9ca045b8d9"],
        ["Perspective.Proportionality:importAllArts", "739e376d7ac84ced"]]]]],
    ["libs",
     [["import dynlibs", "00000000000006bb"],
      ["package external libraries", "00000000000006bb"],
      ["module dynlibs", "00000000000006bb"],
      ["module plugins", "00000000000006bb"]]]]],
  ["Lean 4.26.0, commit d8204c9fd894f91bbb2cdfec5912ec8196fd8562",
   "9c9419104e9584f8"],
  ["/workspaces/Cohomology-Foundations/Perspective/FairnessAlignmentTradeoff.lean",
   "f63a2e1039605e9d"],
  ["options",
   [["-Dpp.unicode.fun=true", "9b94070140457fab"],
    ["-DautoImplicit=false", "4a85acb881fd49d0"]]],
  ["Module.leanArgs: #[]", "00000000000006bb"]],
 "depHash": "d7d507c2d08905ac"}