{"synthetic": false,
 "schemaVersion": "2025-09-10",
 "outputs":
 {"o": ["a0d9ac3603d0d60e.olean"],
  "i": "08eb2dd793db178b.ilean",
  "c": "5117d26352ea956a.c"},
 "log":
 [{"message":
   ".> LEAN_PATH=/workspaces/Cohomology-Foundations/.lake/packages/Cli/.lake/build/lib/lean:/workspaces/Cohomology-Foundations/.lake/packages/batteries/.lake/build/lib/lean:/workspaces/Cohomology-Foundations/.lake/packages/Qq/.lake/build/lib/lean:/workspaces/Cohomology-Foundations/.lake/packages/aesop/.lake/build/lib/lean:/workspaces/Cohomology-Foundations/.lake/packages/proofwidgets/.lake/build/lib/lean:/workspaces/Cohomology-Foundations/.lake/packages/importGraph/.lake/build/lib/lean:/workspaces/Cohomology-Foundations/.lake/packages/LeanSearchClient/.lake/build/lib/lean:/workspaces/Cohomology-Foundations/.lake/packages/plausible/.lake/build/lib/lean:/workspaces/Cohomology-Foundations/.lake/packages/mathlib/.lake/build/lib/lean:/workspaces/Cohomology-Foundations/.lake/build/lib/lean /home/vscode/.elan/toolchains/leanprover--lean4---v4.27.0/bin/lean /workspaces/Cohomology-Foundations/Perspective/FairnessBarriers.lean -o /workspaces/Cohomology-Foundations/.lake/build/lib/lean/Perspective/FairnessBarriers.olean -i /workspaces/Cohomology-Foundations/.lake/build/lib/lean/Perspective/FairnessBarriers.ilean -c /workspaces/Cohomology-Foundations/.lake/build/ir/Perspective/FairnessBarriers.c --setup /workspaces/Cohomology-Foundations/.lake/build/ir/Perspective/FairnessBarriers.setup.json --json",
   "level": "trace"},
  {"message":
   "Perspective/FairnessBarriers.lean:103:30: unused variable `b`\n\nNote: This linter can be disabled with `set_option linter.unusedVariables false`",
   "level": "warning"},
  {"message":
   "Perspective/FairnessBarriers.lean:169:5: unused variable `h`\n\nNote: This linter can be disabled with `set_option linter.unusedVariables false`",
   "level": "warning"},
  {"message":
   "Perspective/FairnessBarriers.lean:280:5: unused variable `h`\n\nNote: This linter can be disabled with `set_option linter.unusedVariables false`",
   "level": "warning"},
  {"message":
   "Perspective/FairnessBarriers.lean:298:7: unused variable `h`\n\nNote: This linter can be disabled with `set_option linter.unusedVariables false`",
   "level": "warning"}],
 "inputs":
 [["Perspective.FairnessBarriers:deps",
   [["deps",
     [["CohomologyFoundations/Perspective:extraDep",
       [["@CohomologyFoundations:extraDep", "00000000000006bb"]]],
      ["imports",
       [["Perspective.LeximinGeodesics transitive imports (legacy)",
         "37a39ed7a9689b7c"],
        ["Perspective.LeximinGeodesics:importAllArts", "11a2f97485dbe041"]]]]],
    ["libs",
     [["import dynlibs", "00000000000006bb"],
      ["package external libraries", "00000000000006bb"],
      ["module dynlibs", "00000000000006bb"],
      ["module plugins", "00000000000006bb"]]]]],
  ["Lean 4.27.0, commit db93fe1608548721853390a10cd40580fe7d22ae",
   "9a2be90fd35343e5"],
  ["/workspaces/Cohomology-Foundations/Perspective/FairnessBarriers.lean",
   "3ee60a0f09310825"],
  ["options",
   [["-Dpp.unicode.fun=true", "9b94070140457fab"],
    ["-DautoImplicit=false", "4a85acb881fd49d0"]]],
  ["Module.leanArgs: #[]", "00000000000006bb"]],
 "depHash": "c8e5f6b50fb5970e"}