{"synthetic": false,
 "schemaVersion": "2025-09-10",
 "outputs":
 {"o": ["b12a3f57e2f87fc0.olean"],
  "i": "f5375664f5b2326a.ilean",
  "c": "2eb746052f2c871a.c"},
 "log":
 [{"message":
   ".> LEAN_PATH=/workspaces/Cohomology-Foundations/.lake/packages/Cli/.lake/build/lib/lean:/workspaces/Cohomology-Foundations/.lake/packages/batteries/.lake/build/lib/lean:/workspaces/Cohomology-Foundations/.lake/packages/Qq/.lake/build/lib/lean:/workspaces/Cohomology-Foundations/.lake/packages/aesop/.lake/build/lib/lean:/workspaces/Cohomology-Foundations/.lake/packages/proofwidgets/.lake/build/lib/lean:/workspaces/Cohomology-Foundations/.lake/packages/importGraph/.lake/build/lib/lean:/workspaces/Cohomology-Foundations/.lake/packages/LeanSearchClient/.lake/build/lib/lean:/workspaces/Cohomology-Foundations/.lake/packages/plausible/.lake/build/lib/lean:/workspaces/Cohomology-Foundations/.lake/packages/mathlib/.lake/build/lib/lean:/workspaces/Cohomology-Foundations/.lake/build/lib/lean /home/vscode/.elan/toolchains/leanprover--lean4---v4.27.0/bin/lean /workspaces/Cohomology-Foundations/Perspective/FluctuationBounds.lean -o /workspaces/Cohomology-Foundations/.lake/build/lib/lean/Perspective/FluctuationBounds.olean -i /workspaces/Cohomology-Foundations/.lake/build/lib/lean/Perspective/FluctuationBounds.ilean -c /workspaces/Cohomology-Foundations/.lake/build/ir/Perspective/FluctuationBounds.c --setup /workspaces/Cohomology-Foundations/.lake/build/ir/Perspective/FluctuationBounds.setup.json --json",
   "level": "trace"},
  {"message":
   "Perspective/FluctuationBounds.lean:107:0: automatically included section variable(s) unused in theorem `FluctuationBounds.deviation_probability_bounded`:\n  [DecidableEq S]\nconsider restructuring your `variable` declarations so that the variables are not in scope or explicitly omit them:\n  omit [DecidableEq S] in theorem ...\n\nNote: This linter can be disabled with `set_option linter.unusedSectionVars false`",
   "level": "warning"},
  {"message":
   "Perspective/FluctuationBounds.lean:204:0: automatically included section variable(s) unused in theorem `FluctuationBounds.large_system_small_fluctuations`:\n  [DecidableEq S]\nconsider restructuring your `variable` declarations so that the variables are not in scope or explicitly omit them:\n  omit [DecidableEq S] in theorem ...\n\nNote: This linter can be disabled with `set_option linter.unusedSectionVars false`",
   "level": "warning"},
  {"message":
   "Perspective/FluctuationBounds.lean:239:0: automatically included section variable(s) unused in theorem `FluctuationBounds.variance_positive`:\n  [DecidableEq S]\nconsider restructuring your `variable` declarations so that the variables are not in scope or explicitly omit them:\n  omit [DecidableEq S] in theorem ...\n\nNote: This linter can be disabled with `set_option linter.unusedSectionVars false`",
   "level": "warning"}],
 "inputs":
 [["Perspective.FluctuationBounds:deps",
   [["deps",
     [["CohomologyFoundations/Perspective:extraDep",
       [["@CohomologyFoundations:extraDep", "00000000000006bb"]]],
      ["imports",
       [["Perspective.EntropyProduction transitive imports (legacy)",
         "8ad292091a21c3f0"],
        ["Perspective.EntropyProduction:importAllArts", "b040f35cfa2abce0"]]]]],
    ["libs",
     [["import dynlibs", "00000000000006bb"],
      ["package external libraries", "00000000000006bb"],
      ["module dynlibs", "00000000000006bb"],
      ["module plugins", "00000000000006bb"]]]]],
  ["Lean 4.27.0, commit db93fe1608548721853390a10cd40580fe7d22ae",
   "9a2be90fd35343e5"],
  ["/workspaces/Cohomology-Foundations/Perspective/FluctuationBounds.lean",
   "c92c83bd233fbcf8"],
  ["options",
   [["-Dpp.unicode.fun=true", "9b94070140457fab"],
    ["-DautoImplicit=false", "4a85acb881fd49d0"]]],
  ["Module.leanArgs: #[]", "00000000000006bb"]],
 "depHash": "f6089fe9b9b4680d"}