{"synthetic": false,
 "schemaVersion": "2025-09-10",
 "outputs":
 {"o": ["cc59d7c0af96e6e3.olean"],
  "i": "c879d2ab22c09642.ilean",
  "c": "8a394668fe3d74a4.c"},
 "log":
 [{"message":
   ".> LEAN_PATH=/workspaces/Cohomology-Foundations/.lake/packages/Cli/.lake/build/lib/lean:/workspaces/Cohomology-Foundations/.lake/packages/batteries/.lake/build/lib/lean:/workspaces/Cohomology-Foundations/.lake/packages/Qq/.lake/build/lib/lean:/workspaces/Cohomology-Foundations/.lake/packages/aesop/.lake/build/lib/lean:/workspaces/Cohomology-Foundations/.lake/packages/proofwidgets/.lake/build/lib/lean:/workspaces/Cohomology-Foundations/.lake/packages/importGraph/.lake/build/lib/lean:/workspaces/Cohomology-Foundations/.lake/packages/LeanSearchClient/.lake/build/lib/lean:/workspaces/Cohomology-Foundations/.lake/packages/plausible/.lake/build/lib/lean:/workspaces/Cohomology-Foundations/.lake/packages/mathlib/.lake/build/lib/lean:/workspaces/Cohomology-Foundations/.lake/build/lib/lean /home/vscode/.elan/toolchains/leanprover--lean4---v4.26.0/bin/lean /workspaces/Cohomology-Foundations/Perspective/Geodesic.lean -o /workspaces/Cohomology-Foundations/.lake/build/lib/lean/Perspective/Geodesic.olean -i /workspaces/Cohomology-Foundations/.lake/build/lib/lean/Perspective/Geodesic.ilean -c /workspaces/Cohomology-Foundations/.lake/build/ir/Perspective/Geodesic.c --setup /workspaces/Cohomology-Foundations/.lake/build/ir/Perspective/Geodesic.setup.json --json",
   "level": "trace"},
  {"message":
   "Perspective/Geodesic.lean:98:0: automatically included section variable(s) unused in theorem `Geodesic.l1_triangle`:\n  [DecidableEq S]\nconsider restructuring your `variable` declarations so that the variables are not in scope or explicitly omit them:\n  omit [DecidableEq S] in theorem ...\n\nNote: This linter can be disabled with `set_option linter.unusedSectionVars false`",
   "level": "warning"},
  {"message":
   "Perspective/Geodesic.lean:117:0: automatically included section variable(s) unused in theorem `Geodesic.l1_symm`:\n  [DecidableEq S]\nconsider restructuring your `variable` declarations so that the variables are not in scope or explicitly omit them:\n  omit [DecidableEq S] in theorem ...\n\nNote: This linter can be disabled with `set_option linter.unusedSectionVars false`",
   "level": "warning"},
  {"message":
   "Perspective/Geodesic.lean:124:0: automatically included section variable(s) unused in theorem `Geodesic.l1_nonneg`:\n  [DecidableEq S]\nconsider restructuring your `variable` declarations so that the variables are not in scope or explicitly omit them:\n  omit [DecidableEq S] in theorem ...\n\nNote: This linter can be disabled with `set_option linter.unusedSectionVars false`",
   "level": "warning"},
  {"message":
   "Perspective/Geodesic.lean:152:5: unused variable `p`\n\nNote: This linter can be disabled with `set_option linter.unusedVariables false`",
   "level": "warning"},
  {"message":
   "Perspective/Geodesic.lean:152:26: unused variable `epsilon`\n\nNote: This linter can be disabled with `set_option linter.unusedVariables false`",
   "level": "warning"},
  {"message":
   "Perspective/Geodesic.lean:278:5: unused variable `h_convex`\n\nNote: This linter can be disabled with `set_option linter.unusedVariables false`",
   "level": "warning"},
  {"message":
   "Perspective/Geodesic.lean:279:26: unused variable `hq`\n\nNote: This linter can be disabled with `set_option linter.unusedVariables false`",
   "level": "warning"},
  {"message":
   "Perspective/Geodesic.lean:280:5: unused variable `h_nearest`\n\nNote: This linter can be disabled with `set_option linter.unusedVariables false`",
   "level": "warning"},
  {"message":
   "Perspective/Geodesic.lean:295:5: unused variable `h_geo`\n\nNote: This linter can be disabled with `set_option linter.unusedVariables false`",
   "level": "warning"},
  {"message":
   "Perspective/Geodesic.lean:391:25: unused variable `path`\n\nNote: This linter can be disabled with `set_option linter.unusedVariables false`",
   "level": "warning"},
  {"message":
   "Perspective/Geodesic.lean:432:44: unused variable `hn`\n\nNote: This linter can be disabled with `set_option linter.unusedVariables false`",
   "level": "warning"},
  {"message":
   "Perspective/Geodesic.lean:433:53: unused variable `hε`\n\nNote: This linter can be disabled with `set_option linter.unusedVariables false`",
   "level": "warning"},
  {"message":
   "Perspective/Geodesic.lean:436:5: unused variable `h_optimal`\n\nNote: This linter can be disabled with `set_option linter.unusedVariables false`",
   "level": "warning"},
  {"message":
   "Perspective/Geodesic.lean:446:0: automatically included section variable(s) unused in theorem `Geodesic.geodesic_eq_repair_cost`:\n  [Fintype S]\n  [DecidableEq S]\nconsider restructuring your `variable` declarations so that the variables are not in scope or explicitly omit them:\n  omit [Fintype S] [DecidableEq S] in theorem ...\n\nNote: This linter can be disabled with `set_option linter.unusedSectionVars false`",
   "level": "warning"},
  {"message":
   "Perspective/Geodesic.lean:446:41: unused variable `hn`\n\nNote: This linter can be disabled with `set_option linter.unusedVariables false`",
   "level": "warning"},
  {"message":
   "Perspective/Geodesic.lean:447:5: unused variable `systems`\n\nNote: This linter can be disabled with `set_option linter.unusedVariables false`",
   "level": "warning"},
  {"message":
   "Perspective/Geodesic.lean:447:53: unused variable `hε`\n\nNote: This linter can be disabled with `set_option linter.unusedVariables false`",
   "level": "warning"}],
 "inputs":
 [["Perspective.Geodesic:deps",
   [["deps",
     [["CohomologyFoundations/Perspective:extraDep",
       [["@CohomologyFoundations:extraDep", "00000000000006bb"]]],
      ["imports",
       [["Perspective.Barrier transitive imports (legacy)", "5745c74eb86ed612"],
        ["Perspective.Barrier:importAllArts", "dfaed333da1f5421"]]]]],
    ["libs",
     [["import dynlibs", "00000000000006bb"],
      ["package external libraries", "00000000000006bb"],
      ["module dynlibs", "00000000000006bb"],
      ["module plugins", "00000000000006bb"]]]]],
  ["Lean 4.26.0, commit d8204c9fd894f91bbb2cdfec5912ec8196fd8562",
   "9c9419104e9584f8"],
  ["/workspaces/Cohomology-Foundations/Perspective/Geodesic.lean",
   "ff9dd57bef958ce3"],
  ["options",
   [["-Dpp.unicode.fun=true", "9b94070140457fab"],
    ["-DautoImplicit=false", "4a85acb881fd49d0"]]],
  ["Module.leanArgs: #[]", "00000000000006bb"]],
 "depHash": "68589a5871071045"}