{"synthetic": false,
 "schemaVersion": "2025-09-10",
 "outputs":
 {"o": ["de1c1a9c2986000b.olean"],
  "i": "f471e556ed59918a.ilean",
  "c": "01264dfd080b84fc.c"},
 "log":
 [{"message":
   ".> LEAN_PATH=/workspaces/Cohomology-Foundations/.lake/packages/Cli/.lake/build/lib/lean:/workspaces/Cohomology-Foundations/.lake/packages/batteries/.lake/build/lib/lean:/workspaces/Cohomology-Foundations/.lake/packages/Qq/.lake/build/lib/lean:/workspaces/Cohomology-Foundations/.lake/packages/aesop/.lake/build/lib/lean:/workspaces/Cohomology-Foundations/.lake/packages/proofwidgets/.lake/build/lib/lean:/workspaces/Cohomology-Foundations/.lake/packages/importGraph/.lake/build/lib/lean:/workspaces/Cohomology-Foundations/.lake/packages/LeanSearchClient/.lake/build/lib/lean:/workspaces/Cohomology-Foundations/.lake/packages/plausible/.lake/build/lib/lean:/workspaces/Cohomology-Foundations/.lake/packages/mathlib/.lake/build/lib/lean:/workspaces/Cohomology-Foundations/.lake/build/lib/lean /home/vscode/.elan/toolchains/leanprover--lean4---v4.26.0/bin/lean /workspaces/Cohomology-Foundations/Perspective/HierarchicalAlignment.lean -o /workspaces/Cohomology-Foundations/.lake/build/lib/lean/Perspective/HierarchicalAlignment.olean -i /workspaces/Cohomology-Foundations/.lake/build/lib/lean/Perspective/HierarchicalAlignment.ilean -c /workspaces/Cohomology-Foundations/.lake/build/ir/Perspective/HierarchicalAlignment.c --setup /workspaces/Cohomology-Foundations/.lake/build/ir/Perspective/HierarchicalAlignment.setup.json --json",
   "level": "trace"},
  {"message":
   "Perspective/HierarchicalAlignment.lean:269:40: unused variable `assign`\n\nNote: This linter can be disabled with `set_option linter.unusedVariables false`",
   "level": "warning"},
  {"message":
   "Perspective/HierarchicalAlignment.lean:272:40: unused variable `assign`\n\nNote: This linter can be disabled with `set_option linter.unusedVariables false`",
   "level": "warning"},
  {"message":
   "Perspective/HierarchicalAlignment.lean:363:43: unused variable `hk`\n\nNote: This linter can be disabled with `set_option linter.unusedVariables false`",
   "level": "warning"},
  {"message":
   "Perspective/HierarchicalAlignment.lean:363:56: unused variable `hn`\n\nNote: This linter can be disabled with `set_option linter.unusedVariables false`",
   "level": "warning"},
  {"message":
   "Perspective/HierarchicalAlignment.lean:372:26: unused variable `n`\n\nNote: This linter can be disabled with `set_option linter.unusedVariables false`",
   "level": "warning"},
  {"message":
   "Perspective/HierarchicalAlignment.lean:372:36: unused variable `hk`\n\nNote: This linter can be disabled with `set_option linter.unusedVariables false`",
   "level": "warning"}],
 "inputs":
 [["Perspective.HierarchicalAlignment:deps",
   [["deps",
     [["CohomologyFoundations/Perspective:extraDep",
       [["@CohomologyFoundations:extraDep", "00000000000006bb"]]],
      ["imports",
       [["Perspective.IncrementalUpdates transitive imports (legacy)",
         "4cca5e637b0e72f5"],
        ["Perspective.IncrementalUpdates:importAllArts", "e337daa641d37cb6"],
        ["H1Characterization.Characterization transitive imports (legacy)",
         "6a3156e1fd725140"],
        ["H1Characterization.Characterization:importAllArts",
         "db91a8fda58a7315"]]]]],
    ["libs",
     [["import dynlibs", "00000000000006bb"],
      ["package external libraries", "00000000000006bb"],
      ["module dynlibs", "00000000000006bb"],
      ["module plugins", "00000000000006bb"]]]]],
  ["Lean 4.26.0, commit d8204c9fd894f91bbb2cdfec5912ec8196fd8562",
   "9c9419104e9584f8"],
  ["/workspaces/Cohomology-Foundations/Perspective/HierarchicalAlignment.lean",
   "f2ea56b4b160a86e"],
  ["options",
   [["-Dpp.unicode.fun=true", "9b94070140457fab"],
    ["-DautoImplicit=false", "4a85acb881fd49d0"]]],
  ["Module.leanArgs: #[]", "00000000000006bb"]],
 "depHash": "34f565b68c3e5a78"}