{"synthetic": false,
 "schemaVersion": "2025-09-10",
 "outputs":
 {"o": ["dbe983e0a66f63d3.olean"],
  "i": "c2f3872597b090d4.ilean",
  "c": "2fa431f845e5858f.c"},
 "log":
 [{"message":
   ".> LEAN_PATH=/workspaces/Cohomology-Foundations/.lake/packages/Cli/.lake/build/lib/lean:/workspaces/Cohomology-Foundations/.lake/packages/batteries/.lake/build/lib/lean:/workspaces/Cohomology-Foundations/.lake/packages/Qq/.lake/build/lib/lean:/workspaces/Cohomology-Foundations/.lake/packages/aesop/.lake/build/lib/lean:/workspaces/Cohomology-Foundations/.lake/packages/proofwidgets/.lake/build/lib/lean:/workspaces/Cohomology-Foundations/.lake/packages/importGraph/.lake/build/lib/lean:/workspaces/Cohomology-Foundations/.lake/packages/LeanSearchClient/.lake/build/lib/lean:/workspaces/Cohomology-Foundations/.lake/packages/plausible/.lake/build/lib/lean:/workspaces/Cohomology-Foundations/.lake/packages/mathlib/.lake/build/lib/lean:/workspaces/Cohomology-Foundations/.lake/build/lib/lean /home/vscode/.elan/toolchains/leanprover--lean4---v4.26.0/bin/lean /workspaces/Cohomology-Foundations/Perspective/ImpossibilityStrong.lean -o /workspaces/Cohomology-Foundations/.lake/build/lib/lean/Perspective/ImpossibilityStrong.olean -i /workspaces/Cohomology-Foundations/.lake/build/lib/lean/Perspective/ImpossibilityStrong.ilean -c /workspaces/Cohomology-Foundations/.lake/build/ir/Perspective/ImpossibilityStrong.c --setup /workspaces/Cohomology-Foundations/.lake/build/ir/Perspective/ImpossibilityStrong.setup.json --json",
   "level": "trace"},
  {"message":
   "Perspective/ImpossibilityStrong.lean:52:0: automatically included section variable(s) unused in theorem `Perspective.pairwiseAlignable_symm`:\n  [Fintype S]\n  [DecidableEq S]\nconsider restructuring your `variable` declarations so that the variables are not in scope or explicitly omit them:\n  omit [Fintype S] [DecidableEq S] in theorem ...\n\nNote: This linter can be disabled with `set_option linter.unusedSectionVars false`",
   "level": "warning"},
  {"message":
   "Perspective/ImpossibilityStrong.lean:81:0: automatically included section variable(s) unused in theorem `Perspective.three_system_adjacent_agree`:\n  [Fintype S]\n  [DecidableEq S]\nconsider restructuring your `variable` declarations so that the variables are not in scope or explicitly omit them:\n  omit [Fintype S] [DecidableEq S] in theorem ...\n\nNote: This linter can be disabled with `set_option linter.unusedSectionVars false`",
   "level": "warning"},
  {"message":
   "Perspective/ImpossibilityStrong.lean:94:0: automatically included section variable(s) unused in theorem `Perspective.three_system_no_reconciler`:\n  [Fintype S]\n  [DecidableEq S]\nconsider restructuring your `variable` declarations so that the variables are not in scope or explicitly omit them:\n  omit [Fintype S] [DecidableEq S] in theorem ...\n\nNote: This linter can be disabled with `set_option linter.unusedSectionVars false`",
   "level": "warning"},
  {"message":
   "Perspective/ImpossibilityStrong.lean:144:0: automatically included section variable(s) unused in theorem `Perspective.n_system_adjacent_diff`:\n  [Fintype S]\n  [DecidableEq S]\nconsider restructuring your `variable` declarations so that the variables are not in scope or explicitly omit them:\n  omit [Fintype S] [DecidableEq S] in theorem ...\n\nNote: This linter can be disabled with `set_option linter.unusedSectionVars false`",
   "level": "warning"},
  {"message":
   "Perspective/ImpossibilityStrong.lean:154:0: automatically included section variable(s) unused in theorem `Perspective.n_system_endpoint_diff`:\n  [Fintype S]\n  [DecidableEq S]\nconsider restructuring your `variable` declarations so that the variables are not in scope or explicitly omit them:\n  omit [Fintype S] [DecidableEq S] in theorem ...\n\nNote: This linter can be disabled with `set_option linter.unusedSectionVars false`",
   "level": "warning"},
  {"message":
   "Perspective/ImpossibilityStrong.lean:181:15: unused variable `hε`\n\nNote: This linter can be disabled with `set_option linter.unusedVariables false`",
   "level": "warning"},
  {"message":
   "Perspective/ImpossibilityStrong.lean:227:15: unused variable `hε`\n\nNote: This linter can be disabled with `set_option linter.unusedVariables false`",
   "level": "warning"}],
 "inputs":
 [["Perspective.ImpossibilityStrong:deps",
   [["deps",
     [["CohomologyFoundations/Perspective:extraDep",
       [["@CohomologyFoundations:extraDep", "00000000000006bb"]]],
      ["imports",
       [["Perspective.AlignmentEquivalence transitive imports (legacy)",
         "b976c21d17da7f6c"],
        ["Perspective.AlignmentEquivalence:importAllArts", "61ae0360fdcc6ab4"],
        ["Perspective.AlignmentTheorem transitive imports (legacy)",
         "0444858c64d49518"],
        ["Perspective.AlignmentTheorem:importAllArts", "e115d66330e3ce9e"]]]]],
    ["libs",
     [["import dynlibs", "00000000000006bb"],
      ["package external libraries", "00000000000006bb"],
      ["module dynlibs", "00000000000006bb"],
      ["module plugins", "00000000000006bb"]]]]],
  ["Lean 4.26.0, commit d8204c9fd894f91bbb2cdfec5912ec8196fd8562",
   "9c9419104e9584f8"],
  ["/workspaces/Cohomology-Foundations/Perspective/ImpossibilityStrong.lean",
   "05eb2ca79ffd49b6"],
  ["options",
   [["-Dpp.unicode.fun=true", "9b94070140457fab"],
    ["-DautoImplicit=false", "4a85acb881fd49d0"]]],
  ["Module.leanArgs: #[]", "00000000000006bb"]],
 "depHash": "ad6d3ed6a2f1a1e8"}