{"synthetic": false,
 "schemaVersion": "2025-09-10",
 "outputs":
 {"o": ["551ecdca58da8253.olean"],
  "i": "175579d5a11b7c41.ilean",
  "c": "027fa1d11bd2d78c.c"},
 "log":
 [{"message":
   ".> LEAN_PATH=/workspaces/Cohomology-Foundations/.lake/packages/Cli/.lake/build/lib/lean:/workspaces/Cohomology-Foundations/.lake/packages/batteries/.lake/build/lib/lean:/workspaces/Cohomology-Foundations/.lake/packages/Qq/.lake/build/lib/lean:/workspaces/Cohomology-Foundations/.lake/packages/aesop/.lake/build/lib/lean:/workspaces/Cohomology-Foundations/.lake/packages/proofwidgets/.lake/build/lib/lean:/workspaces/Cohomology-Foundations/.lake/packages/importGraph/.lake/build/lib/lean:/workspaces/Cohomology-Foundations/.lake/packages/LeanSearchClient/.lake/build/lib/lean:/workspaces/Cohomology-Foundations/.lake/packages/plausible/.lake/build/lib/lean:/workspaces/Cohomology-Foundations/.lake/packages/mathlib/.lake/build/lib/lean:/workspaces/Cohomology-Foundations/.lake/build/lib/lean /home/vscode/.elan/toolchains/leanprover--lean4---v4.27.0/bin/lean /workspaces/Cohomology-Foundations/Perspective/IndividualFairness.lean -o /workspaces/Cohomology-Foundations/.lake/build/lib/lean/Perspective/IndividualFairness.olean -i /workspaces/Cohomology-Foundations/.lake/build/lib/lean/Perspective/IndividualFairness.ilean -c /workspaces/Cohomology-Foundations/.lake/build/ir/Perspective/IndividualFairness.c --setup /workspaces/Cohomology-Foundations/.lake/build/ir/Perspective/IndividualFairness.setup.json --json",
   "level": "trace"}],
 "inputs":
 [["Perspective.IndividualFairness:deps",
   [["deps",
     [["CohomologyFoundations/Perspective:extraDep",
       [["@CohomologyFoundations:extraDep", "00000000000006bb"]]],
      ["imports",
       [["Perspective.GroupFairness transitive imports (legacy)",
         "72ed3bf26e5f8ea4"],
        ["Perspective.GroupFairness:importAllArts", "0411a2239f43ee45"]]]]],
    ["libs",
     [["import dynlibs", "00000000000006bb"],
      ["package external libraries", "00000000000006bb"],
      ["module dynlibs", "00000000000006bb"],
      ["module plugins", "00000000000006bb"]]]]],
  ["Lean 4.27.0, commit db93fe1608548721853390a10cd40580fe7d22ae",
   "9a2be90fd35343e5"],
  ["/workspaces/Cohomology-Foundations/Perspective/IndividualFairness.lean",
   "0d81ef4be8807f3f"],
  ["options",
   [["-Dpp.unicode.fun=true", "9b94070140457fab"],
    ["-DautoImplicit=false", "4a85acb881fd49d0"]]],
  ["Module.leanArgs: #[]", "00000000000006bb"]],
 "depHash": "5b37df3dfae5a8c0"}