{"synthetic": false,
 "schemaVersion": "2025-09-10",
 "outputs":
 {"o": ["a1d4bfee34da02f8.olean"],
  "i": "ccb582ec2b8198c1.ilean",
  "c": "02a5199e33512b69.c"},
 "log":
 [{"message":
   ".> LEAN_PATH=/workspaces/Cohomology-Foundations/.lake/packages/Cli/.lake/build/lib/lean:/workspaces/Cohomology-Foundations/.lake/packages/batteries/.lake/build/lib/lean:/workspaces/Cohomology-Foundations/.lake/packages/Qq/.lake/build/lib/lean:/workspaces/Cohomology-Foundations/.lake/packages/aesop/.lake/build/lib/lean:/workspaces/Cohomology-Foundations/.lake/packages/proofwidgets/.lake/build/lib/lean:/workspaces/Cohomology-Foundations/.lake/packages/importGraph/.lake/build/lib/lean:/workspaces/Cohomology-Foundations/.lake/packages/LeanSearchClient/.lake/build/lib/lean:/workspaces/Cohomology-Foundations/.lake/packages/plausible/.lake/build/lib/lean:/workspaces/Cohomology-Foundations/.lake/packages/mathlib/.lake/build/lib/lean:/workspaces/Cohomology-Foundations/.lake/build/lib/lean /home/vscode/.elan/toolchains/leanprover--lean4---v4.27.0/bin/lean /workspaces/Cohomology-Foundations/Perspective/InformationBound.lean -o /workspaces/Cohomology-Foundations/.lake/build/lib/lean/Perspective/InformationBound.olean -i /workspaces/Cohomology-Foundations/.lake/build/lib/lean/Perspective/InformationBound.ilean -c /workspaces/Cohomology-Foundations/.lake/build/ir/Perspective/InformationBound.c --setup /workspaces/Cohomology-Foundations/.lake/build/ir/Perspective/InformationBound.setup.json --json",
   "level": "trace"},
  {"message":
   "Perspective/InformationBound.lean:78:0: automatically included section variable(s) unused in theorem `InformationBound.absCorrelation_nonneg`:\n  [DecidableEq S]\nconsider restructuring your `variable` declarations so that the variables are not in scope or explicitly omit them:\n  omit [DecidableEq S] in theorem ...\n\nNote: This linter can be disabled with `set_option linter.unusedSectionVars false`",
   "level": "warning"},
  {"message":
   "Perspective/InformationBound.lean:82:0: automatically included section variable(s) unused in theorem `InformationBound.absCorrelation_symm`:\n  [DecidableEq S]\nconsider restructuring your `variable` declarations so that the variables are not in scope or explicitly omit them:\n  omit [DecidableEq S] in theorem ...\n\nNote: This linter can be disabled with `set_option linter.unusedSectionVars false`",
   "level": "warning"},
  {"message":
   "Perspective/InformationBound.lean:122:0: automatically included section variable(s) unused in theorem `InformationBound.sharedInfo_nonneg`:\n  [DecidableEq S]\nconsider restructuring your `variable` declarations so that the variables are not in scope or explicitly omit them:\n  omit [DecidableEq S] in theorem ...\n\nNote: This linter can be disabled with `set_option linter.unusedSectionVars false`",
   "level": "warning"},
  {"message":
   "Perspective/InformationBound.lean:125:8: This simp argument is unused:\n  le_min_iff\n\nHint: Omit it from the simp argument list.\n  simp [le_mi̵n̵_̵i̵f̵f̵,̵ ̵l̵e̵_̵m̵ax_iff]\n\nNote: This linter can be disabled with `set_option linter.unusedSimpArgs false`",
   "level": "warning"},
  {"message":
   "Perspective/InformationBound.lean:125:20: This simp argument is unused:\n  le_max_iff\n\nHint: Omit it from the simp argument list.\n  simp [le_min_iff,̵ ̵l̵e̵_̵m̵a̵x̵_̵i̵f̵f̵]\n\nNote: This linter can be disabled with `set_option linter.unusedSimpArgs false`",
   "level": "warning"},
  {"message":
   "Perspective/InformationBound.lean:128:0: automatically included section variable(s) unused in theorem `InformationBound.sharedInfo_le_one`:\n  [DecidableEq S]\nconsider restructuring your `variable` declarations so that the variables are not in scope or explicitly omit them:\n  omit [DecidableEq S] in theorem ...\n\nNote: This linter can be disabled with `set_option linter.unusedSectionVars false`",
   "level": "warning"},
  {"message":
   "Perspective/InformationBound.lean:178:24: This simp argument is unused:\n  le_max_iff\n\nHint: Omit it from the simp argument list.\n  simp [̵l̵e̵_̵m̵a̵x̵_̵i̵f̵f̵,̵ ̵l̵e̵_̵m̵i̵n̵_̵i̵f̵f̵]̵[̲l̲e̲_̲m̲i̲n̲_̲i̲f̲f̲]̲\n\nNote: This linter can be disabled with `set_option linter.unusedSimpArgs false`",
   "level": "warning"},
  {"message":
   "Perspective/InformationBound.lean:178:36: This simp argument is unused:\n  le_min_iff\n\nHint: Omit it from the simp argument list.\n  simp [le_max_iff,̵ ̵l̵e̵_̵m̵i̵n̵_̵i̵f̵f̵]\n\nNote: This linter can be disabled with `set_option linter.unusedSimpArgs false`",
   "level": "warning"},
  {"message":
   "Perspective/InformationBound.lean:238:0: automatically included section variable(s) unused in theorem `InformationBound.informationGap_nonneg`:\n  [DecidableEq S]\nconsider restructuring your `variable` declarations so that the variables are not in scope or explicitly omit them:\n  omit [DecidableEq S] in theorem ...\n\nNote: This linter can be disabled with `set_option linter.unusedSectionVars false`",
   "level": "warning"},
  {"message":
   "Perspective/InformationBound.lean:242:0: automatically included section variable(s) unused in theorem `InformationBound.zero_gap_implies_feasible`:\n  [DecidableEq S]\nconsider restructuring your `variable` declarations so that the variables are not in scope or explicitly omit them:\n  omit [DecidableEq S] in theorem ...\n\nNote: This linter can be disabled with `set_option linter.unusedSectionVars false`",
   "level": "warning"},
  {"message":
   "Perspective/InformationBound.lean:309:38: unused variable `S'`\n\nNote: This linter can be disabled with `set_option linter.unusedVariables false`",
   "level": "warning"}],
 "inputs":
 [["Perspective.InformationBound:deps",
   [["deps",
     [["CohomologyFoundations/Perspective:extraDep",
       [["@CohomologyFoundations:extraDep", "00000000000006bb"]]],
      ["imports",
       [["Perspective.SpectralGap transitive imports (legacy)",
         "82bd6f75c453305f"],
        ["Perspective.SpectralGap:importAllArts", "df56b26254752790"],
        ["H1Characterization.Characterization transitive imports (legacy)",
         "6dd290b409dda9ed"],
        ["H1Characterization.Characterization:importAllArts",
         "6477c517f2848d8b"]]]]],
    ["libs",
     [["import dynlibs", "00000000000006bb"],
      ["package external libraries", "00000000000006bb"],
      ["module dynlibs", "00000000000006bb"],
      ["module plugins", "00000000000006bb"]]]]],
  ["Lean 4.27.0, commit db93fe1608548721853390a10cd40580fe7d22ae",
   "9a2be90fd35343e5"],
  ["/workspaces/Cohomology-Foundations/Perspective/InformationBound.lean",
   "6e828691c37d78f3"],
  ["options",
   [["-Dpp.unicode.fun=true", "9b94070140457fab"],
    ["-DautoImplicit=false", "4a85acb881fd49d0"]]],
  ["Module.leanArgs: #[]", "00000000000006bb"]],
 "depHash": "679fec687f22a433"}