{"synthetic": false,
 "schemaVersion": "2025-09-10",
 "outputs":
 {"o": ["b4597b42604ca75a.olean"],
  "i": "32d24820f909db25.ilean",
  "c": "c5a47d60c5dca59a.c"},
 "log":
 [{"message":
   ".> LEAN_PATH=/workspaces/Cohomology-Foundations/.lake/packages/Cli/.lake/build/lib/lean:/workspaces/Cohomology-Foundations/.lake/packages/batteries/.lake/build/lib/lean:/workspaces/Cohomology-Foundations/.lake/packages/Qq/.lake/build/lib/lean:/workspaces/Cohomology-Foundations/.lake/packages/aesop/.lake/build/lib/lean:/workspaces/Cohomology-Foundations/.lake/packages/proofwidgets/.lake/build/lib/lean:/workspaces/Cohomology-Foundations/.lake/packages/importGraph/.lake/build/lib/lean:/workspaces/Cohomology-Foundations/.lake/packages/LeanSearchClient/.lake/build/lib/lean:/workspaces/Cohomology-Foundations/.lake/packages/plausible/.lake/build/lib/lean:/workspaces/Cohomology-Foundations/.lake/packages/mathlib/.lake/build/lib/lean:/workspaces/Cohomology-Foundations/.lake/build/lib/lean /home/vscode/.elan/toolchains/leanprover--lean4---v4.27.0/bin/lean /workspaces/Cohomology-Foundations/Perspective/ParetoTopology.lean -o /workspaces/Cohomology-Foundations/.lake/build/lib/lean/Perspective/ParetoTopology.olean -i /workspaces/Cohomology-Foundations/.lake/build/lib/lean/Perspective/ParetoTopology.ilean -c /workspaces/Cohomology-Foundations/.lake/build/ir/Perspective/ParetoTopology.c --setup /workspaces/Cohomology-Foundations/.lake/build/ir/Perspective/ParetoTopology.setup.json --json",
   "level": "trace"},
  {"message":
   "Perspective/ParetoTopology.lean:97:5: unused variable `ha`\n\nNote: This linter can be disabled with `set_option linter.unusedVariables false`",
   "level": "warning"},
  {"message":
   "Perspective/ParetoTopology.lean:117:24: unused variable `a`\n\nNote: This linter can be disabled with `set_option linter.unusedVariables false`",
   "level": "warning"},
  {"message":
   "Perspective/ParetoTopology.lean:117:40: unused variable `feasible`\n\nNote: This linter can be disabled with `set_option linter.unusedVariables false`",
   "level": "warning"},
  {"message":
   "Perspective/ParetoTopology.lean:134:34: unused variable `hn`\n\nNote: This linter can be disabled with `set_option linter.unusedVariables false`",
   "level": "warning"},
  {"message":
   "Perspective/ParetoTopology.lean:160:23: unused variable `a`\n\nNote: This linter can be disabled with `set_option linter.unusedVariables false`",
   "level": "warning"},
  {"message":
   "Perspective/ParetoTopology.lean:160:39: unused variable `feasible`\n\nNote: This linter can be disabled with `set_option linter.unusedVariables false`",
   "level": "warning"},
  {"message":
   "Perspective/ParetoTopology.lean:170:48: unused variable `i`\n\nNote: This linter can be disabled with `set_option linter.unusedVariables false`",
   "level": "warning"},
  {"message":
   "Perspective/ParetoTopology.lean:170:50: unused variable `j`\n\nNote: This linter can be disabled with `set_option linter.unusedVariables false`",
   "level": "warning"},
  {"message":
   "Perspective/ParetoTopology.lean:181:52: unused variable `hij`\n\nNote: This linter can be disabled with `set_option linter.unusedVariables false`",
   "level": "warning"},
  {"message":
   "Perspective/ParetoTopology.lean:183:5: unused variable `ha`\n\nNote: This linter can be disabled with `set_option linter.unusedVariables false`",
   "level": "warning"}],
 "inputs":
 [["Perspective.ParetoTopology:deps",
   [["deps",
     [["CohomologyFoundations/Perspective:extraDep",
       [["@CohomologyFoundations:extraDep", "00000000000006bb"]]],
      ["imports",
       [["Perspective.FairnessFoundations transitive imports (legacy)",
         "647f0c14b0e43a41"],
        ["Perspective.FairnessFoundations:importAllArts",
         "452ca1856bcc71ee"]]]]],
    ["libs",
     [["import dynlibs", "00000000000006bb"],
      ["package external libraries", "00000000000006bb"],
      ["module dynlibs", "00000000000006bb"],
      ["module plugins", "00000000000006bb"]]]]],
  ["Lean 4.27.0, commit db93fe1608548721853390a10cd40580fe7d22ae",
   "9a2be90fd35343e5"],
  ["/workspaces/Cohomology-Foundations/Perspective/ParetoTopology.lean",
   "6598a6d4e0b4e517"],
  ["options",
   [["-Dpp.unicode.fun=true", "9b94070140457fab"],
    ["-DautoImplicit=false", "4a85acb881fd49d0"]]],
  ["Module.leanArgs: #[]", "00000000000006bb"]],
 "depHash": "3c1c702afbc55d3d"}