{"synthetic": false,
 "schemaVersion": "2025-09-10",
 "outputs":
 {"o": ["23c9c8a58810125f.olean"],
  "i": "39fba6cf282f193f.ilean",
  "c": "d7181bd346fc2efe.c"},
 "log":
 [{"message":
   ".> LEAN_PATH=/workspaces/Cohomology-Foundations/.lake/packages/Cli/.lake/build/lib/lean:/workspaces/Cohomology-Foundations/.lake/packages/batteries/.lake/build/lib/lean:/workspaces/Cohomology-Foundations/.lake/packages/Qq/.lake/build/lib/lean:/workspaces/Cohomology-Foundations/.lake/packages/aesop/.lake/build/lib/lean:/workspaces/Cohomology-Foundations/.lake/packages/proofwidgets/.lake/build/lib/lean:/workspaces/Cohomology-Foundations/.lake/packages/importGraph/.lake/build/lib/lean:/workspaces/Cohomology-Foundations/.lake/packages/LeanSearchClient/.lake/build/lib/lean:/workspaces/Cohomology-Foundations/.lake/packages/plausible/.lake/build/lib/lean:/workspaces/Cohomology-Foundations/.lake/packages/mathlib/.lake/build/lib/lean:/workspaces/Cohomology-Foundations/.lake/build/lib/lean /home/vscode/.elan/toolchains/leanprover--lean4---v4.27.0/bin/lean /workspaces/Cohomology-Foundations/Perspective/RobustnessFoundations.lean -o /workspaces/Cohomology-Foundations/.lake/build/lib/lean/Perspective/RobustnessFoundations.olean -i /workspaces/Cohomology-Foundations/.lake/build/lib/lean/Perspective/RobustnessFoundations.ilean -c /workspaces/Cohomology-Foundations/.lake/build/ir/Perspective/RobustnessFoundations.c --setup /workspaces/Cohomology-Foundations/.lake/build/ir/Perspective/RobustnessFoundations.setup.json --json",
   "level": "trace"}],
 "inputs":
 [["Perspective.RobustnessFoundations:deps",
   [["deps",
     [["CohomologyFoundations/Perspective:extraDep",
       [["@CohomologyFoundations:extraDep", "00000000000006bb"]]],
      ["imports",
       [["Perspective.FairnessSynthesis transitive imports (legacy)",
         "471e70ff7b6c5fc5"],
        ["Perspective.FairnessSynthesis:importAllArts", "31570a2ecbc9ef13"]]]]],
    ["libs",
     [["import dynlibs", "00000000000006bb"],
      ["package external libraries", "00000000000006bb"],
      ["module dynlibs", "00000000000006bb"],
      ["module plugins", "00000000000006bb"]]]]],
  ["Lean 4.27.0, commit db93fe1608548721853390a10cd40580fe7d22ae",
   "9a2be90fd35343e5"],
  ["/workspaces/Cohomology-Foundations/Perspective/RobustnessFoundations.lean",
   "eeca6084c1ed1110"],
  ["options",
   [["-Dpp.unicode.fun=true", "9b94070140457fab"],
    ["-DautoImplicit=false", "4a85acb881fd49d0"]]],
  ["Module.leanArgs: #[]", "00000000000006bb"]],
 "depHash": "27810b0c56535499"}