{"synthetic": false,
 "schemaVersion": "2025-09-10",
 "outputs":
 {"o": ["2ee75afb12d078cc.olean"],
  "i": "c9c2f79b4c9f5141.ilean",
  "c": "8f7d23eb186051fe.c"},
 "log":
 [{"message":
   ".> LEAN_PATH=/workspaces/Cohomology-Foundations/.lake/packages/Cli/.lake/build/lib/lean:/workspaces/Cohomology-Foundations/.lake/packages/batteries/.lake/build/lib/lean:/workspaces/Cohomology-Foundations/.lake/packages/Qq/.lake/build/lib/lean:/workspaces/Cohomology-Foundations/.lake/packages/aesop/.lake/build/lib/lean:/workspaces/Cohomology-Foundations/.lake/packages/proofwidgets/.lake/build/lib/lean:/workspaces/Cohomology-Foundations/.lake/packages/importGraph/.lake/build/lib/lean:/workspaces/Cohomology-Foundations/.lake/packages/LeanSearchClient/.lake/build/lib/lean:/workspaces/Cohomology-Foundations/.lake/packages/plausible/.lake/build/lib/lean:/workspaces/Cohomology-Foundations/.lake/packages/mathlib/.lake/build/lib/lean:/workspaces/Cohomology-Foundations/.lake/build/lib/lean /home/vscode/.elan/toolchains/leanprover--lean4---v4.27.0/bin/lean /workspaces/Cohomology-Foundations/Perspective/ValueSystem.lean -o /workspaces/Cohomology-Foundations/.lake/build/lib/lean/Perspective/ValueSystem.olean -i /workspaces/Cohomology-Foundations/.lake/build/lib/lean/Perspective/ValueSystem.ilean -c /workspaces/Cohomology-Foundations/.lake/build/ir/Perspective/ValueSystem.c --setup /workspaces/Cohomology-Foundations/.lake/build/ir/Perspective/ValueSystem.setup.json --json",
   "level": "trace"},
  {"message":
   "Perspective/ValueSystem.lean:27:0: automatically included section variable(s) unused in theorem `Perspective.locallyAgree_symm`:\n  [Fintype S]\n  [DecidableEq S]\nconsider restructuring your `variable` declarations so that the variables are not in scope or explicitly omit them:\n  omit [Fintype S] [DecidableEq S] in theorem ...\n\nNote: This linter can be disabled with `set_option linter.unusedSectionVars false`",
   "level": "warning"}],
 "inputs":
 [["Perspective.ValueSystem:deps",
   [["deps",
     [["CohomologyFoundations/Perspective:extraDep",
       [["@CohomologyFoundations:extraDep", "00000000000006bb"]]],
      ["imports",
       [["Foundations.Cohomology transitive imports (legacy)",
         "05bb958d28b1d91a"],
        ["Foundations.Cohomology:importAllArts", "80ff563c1904e716"],
        ["Mathlib.Data.Rat.Defs transitive imports (legacy)",
         "de4fc737e93ac8f5"],
        ["Mathlib.Data.Rat.Defs:importAllArts", "00a97e6c2a2e9d46"]]]]],
    ["libs",
     [["import dynlibs", "00000000000006bb"],
      ["package external libraries", "00000000000006bb"],
      ["module dynlibs", "00000000000006bb"],
      ["module plugins", "00000000000006bb"]]]]],
  ["Lean 4.27.0, commit db93fe1608548721853390a10cd40580fe7d22ae",
   "9a2be90fd35343e5"],
  ["/workspaces/Cohomology-Foundations/Perspective/ValueSystem.lean",
   "2743c4a05b582a10"],
  ["options",
   [["-Dpp.unicode.fun=true", "9b94070140457fab"],
    ["-DautoImplicit=false", "4a85acb881fd49d0"]]],
  ["Module.leanArgs: #[]", "00000000000006bb"]],
 "depHash": "b05e11d1080ef5cd"}