{"synthetic": false,
 "schemaVersion": "2025-09-10",
 "outputs":
 {"o": ["e4780ee9b689fe6c.olean"],
  "i": "186835d0f2a6a6bd.ilean",
  "c": "05f72abec1cdc22b.c"},
 "log":
 [{"message":
   ".> LEAN_PATH=/workspaces/Cohomology-Foundations/.lake/packages/Cli/.lake/build/lib/lean:/workspaces/Cohomology-Foundations/.lake/packages/batteries/.lake/build/lib/lean:/workspaces/Cohomology-Foundations/.lake/packages/Qq/.lake/build/lib/lean:/workspaces/Cohomology-Foundations/.lake/packages/aesop/.lake/build/lib/lean:/workspaces/Cohomology-Foundations/.lake/packages/proofwidgets/.lake/build/lib/lean:/workspaces/Cohomology-Foundations/.lake/packages/importGraph/.lake/build/lib/lean:/workspaces/Cohomology-Foundations/.lake/packages/LeanSearchClient/.lake/build/lib/lean:/workspaces/Cohomology-Foundations/.lake/packages/plausible/.lake/build/lib/lean:/workspaces/Cohomology-Foundations/.lake/packages/mathlib/.lake/build/lib/lean:/workspaces/Cohomology-Foundations/.lake/build/lib/lean /home/vscode/.elan/toolchains/leanprover--lean4---v4.27.0/bin/lean /workspaces/Cohomology-Foundations/Perspective/ValueComplex.lean -o /workspaces/Cohomology-Foundations/.lake/build/lib/lean/Perspective/ValueComplex.olean -i /workspaces/Cohomology-Foundations/.lake/build/lib/lean/Perspective/ValueComplex.ilean -c /workspaces/Cohomology-Foundations/.lake/build/ir/Perspective/ValueComplex.c --setup /workspaces/Cohomology-Foundations/.lake/build/ir/Perspective/ValueComplex.setup.json --json",
   "level": "trace"},
  {"message": "Perspective/ValueComplex.lean:183:25: unused name: _",
   "level": "warning"},
  {"message":
   "Perspective/ValueComplex.lean:100:0: automatically included section variable(s) unused in theorem `Perspective.h1_trivial_iff_connected`:\n  [Fintype S]\n  [DecidableEq S]\nconsider restructuring your `variable` declarations so that the variables are not in scope or explicitly omit them:\n  omit [Fintype S] [DecidableEq S] in theorem ...\n\nNote: This linter can be disabled with `set_option linter.unusedSectionVars false`",
   "level": "warning"}],
 "inputs":
 [["Perspective.ValueComplex:deps",
   [["deps",
     [["CohomologyFoundations/Perspective:extraDep",
       [["@CohomologyFoundations:extraDep", "00000000000006bb"]]],
      ["imports",
       [["Foundations.Cohomology transitive imports (legacy)",
         "05bb958d28b1d91a"],
        ["Foundations.Cohomology:importAllArts", "80ff563c1904e716"],
        ["Perspective.ValueSystem transitive imports (legacy)",
         "267e3bbe93da625b"],
        ["Perspective.ValueSystem:importAllArts", "1318506d7ca72344"],
        ["Mathlib.Algebra.BigOperators.Fin transitive imports (legacy)",
         "6c69af254338a9ac"],
        ["Mathlib.Algebra.BigOperators.Fin:importAllArts", "c116a670aa28c4a6"],
        ["Mathlib.Tactic.FinCases transitive imports (legacy)",
         "5791c101791d28ed"],
        ["Mathlib.Tactic.FinCases:importAllArts", "caa172cdccb7c21f"]]]]],
    ["libs",
     [["import dynlibs", "00000000000006bb"],
      ["package external libraries", "00000000000006bb"],
      ["module dynlibs", "00000000000006bb"],
      ["module plugins", "00000000000006bb"]]]]],
  ["Lean 4.27.0, commit db93fe1608548721853390a10cd40580fe7d22ae",
   "9a2be90fd35343e5"],
  ["/workspaces/Cohomology-Foundations/Perspective/ValueComplex.lean",
   "af0a987de6ac4078"],
  ["options",
   [["-Dpp.unicode.fun=true", "9b94070140457fab"],
    ["-DautoImplicit=false", "4a85acb881fd49d0"]]],
  ["Module.leanArgs: #[]", "00000000000006bb"]],
 "depHash": "58f7cc3c0fdcbfa5"}