{"synthetic": false,
 "schemaVersion": "2025-09-10",
 "outputs":
 {"o": ["59671d0bb77eb98c.olean"],
  "i": "7de436de671274ec.ilean",
  "c": "90df25d502bf9a38.c"},
 "log":
 [{"message":
   ".> LEAN_PATH=/workspaces/Cohomology-Foundations/.lake/packages/Cli/.lake/build/lib/lean:/workspaces/Cohomology-Foundations/.lake/packages/batteries/.lake/build/lib/lean:/workspaces/Cohomology-Foundations/.lake/packages/Qq/.lake/build/lib/lean:/workspaces/Cohomology-Foundations/.lake/packages/aesop/.lake/build/lib/lean:/workspaces/Cohomology-Foundations/.lake/packages/proofwidgets/.lake/build/lib/lean:/workspaces/Cohomology-Foundations/.lake/packages/importGraph/.lake/build/lib/lean:/workspaces/Cohomology-Foundations/.lake/packages/LeanSearchClient/.lake/build/lib/lean:/workspaces/Cohomology-Foundations/.lake/packages/plausible/.lake/build/lib/lean:/workspaces/Cohomology-Foundations/.lake/packages/mathlib/.lake/build/lib/lean:/workspaces/Cohomology-Foundations/.lake/build/lib/lean /home/vscode/.elan/toolchains/leanprover--lean4---v4.27.0/bin/lean /workspaces/Cohomology-Foundations/Foundations.lean -o /workspaces/Cohomology-Foundations/.lake/build/lib/lean/Foundations.olean -i /workspaces/Cohomology-Foundations/.lake/build/lib/lean/Foundations.ilean -c /workspaces/Cohomology-Foundations/.lake/build/ir/Foundations.c --setup /workspaces/Cohomology-Foundations/.lake/build/ir/Foundations.setup.json --json",
   "level": "trace"}],
 "inputs":
 [["Foundations:deps",
   [["deps",
     [["CohomologyFoundations/Foundations:extraDep",
       [["@CohomologyFoundations:extraDep", "00000000000006bb"]]],
      ["imports",
       [["Foundations.Basic transitive imports (legacy)", "b1e026da73a8a350"],
        ["Foundations.Basic:importAllArts", "c741d45b64b2acf4"],
        ["Foundations.Simplex transitive imports (legacy)", "51091e1cb2665740"],
        ["Foundations.Simplex:importAllArts", "2bf697bc27e96201"],
        ["Foundations.Cochain transitive imports (legacy)", "c86f60e0b52eb5ab"],
        ["Foundations.Cochain:importAllArts", "093e45f151eff549"],
        ["Foundations.Coboundary transitive imports (legacy)",
         "f97d559884fdc4bc"],
        ["Foundations.Coboundary:importAllArts", "a41fdcebe3217109"],
        ["Foundations.Cohomology transitive imports (legacy)",
         "05bb958d28b1d91a"],
        ["Foundations.Cohomology:importAllArts", "80ff563c1904e716"]]]]],
    ["libs",
     [["import dynlibs", "00000000000006bb"],
      ["package external libraries", "00000000000006bb"],
      ["module dynlibs", "00000000000006bb"],
      ["module plugins", "00000000000006bb"]]]]],
  ["Lean 4.27.0, commit db93fe1608548721853390a10cd40580fe7d22ae",
   "9a2be90fd35343e5"],
  ["/workspaces/Cohomology-Foundations/Foundations.lean", "d062a1d0e0cefbf2"],
  ["options",
   [["-Dpp.unicode.fun=true", "9b94070140457fab"],
    ["-DautoImplicit=false", "4a85acb881fd49d0"]]],
  ["Module.leanArgs: #[]", "00000000000006bb"]],
 "depHash": "0f5611b55afc7b16"}