{"synthetic": false,
 "schemaVersion": "2025-09-10",
 "outputs":
 {"o": ["8c5c7870d2608ff2.olean"],
  "i": "c106a55cdd2ac62d.ilean",
  "c": "0dbede15e0d2edbb.c"},
 "log":
 [{"message":
   ".> LEAN_PATH=/workspaces/Cohomology-Foundations/.lake/packages/Cli/.lake/build/lib/lean:/workspaces/Cohomology-Foundations/.lake/packages/batteries/.lake/build/lib/lean:/workspaces/Cohomology-Foundations/.lake/packages/Qq/.lake/build/lib/lean:/workspaces/Cohomology-Foundations/.lake/packages/aesop/.lake/build/lib/lean:/workspaces/Cohomology-Foundations/.lake/packages/proofwidgets/.lake/build/lib/lean:/workspaces/Cohomology-Foundations/.lake/packages/importGraph/.lake/build/lib/lean:/workspaces/Cohomology-Foundations/.lake/packages/LeanSearchClient/.lake/build/lib/lean:/workspaces/Cohomology-Foundations/.lake/packages/plausible/.lake/build/lib/lean:/workspaces/Cohomology-Foundations/.lake/packages/mathlib/.lake/build/lib/lean:/workspaces/Cohomology-Foundations/.lake/build/lib/lean /home/codespace/.elan/toolchains/leanprover--lean4---v4.26.0/bin/lean /workspaces/Cohomology-Foundations/H1Characterization.lean -o /workspaces/Cohomology-Foundations/.lake/build/lib/lean/H1Characterization.olean -i /workspaces/Cohomology-Foundations/.lake/build/lib/lean/H1Characterization.ilean -c /workspaces/Cohomology-Foundations/.lake/build/ir/H1Characterization.c --setup /workspaces/Cohomology-Foundations/.lake/build/ir/H1Characterization.setup.json --json",
   "level": "trace"}],
 "inputs":
 [["H1Characterization:deps",
   [["deps",
     [["CohomologyFoundations/H1Characterization:extraDep",
       [["@CohomologyFoundations:extraDep", "00000000000006bb"]]],
      ["imports",
       [["H1Characterization.Basic transitive imports (legacy)",
         "2649cba457e78796"],
        ["H1Characterization.Basic:importAllArts", "334cdb8a3e54f64f"],
        ["H1Characterization.OneSkeleton transitive imports (legacy)",
         "e7b2a0ba91114e1f"],
        ["H1Characterization.OneSkeleton:importAllArts", "c62ce56afc2238a5"],
        ["H1Characterization.OneConnected transitive imports (legacy)",
         "76c777a41061567b"],
        ["H1Characterization.OneConnected:importAllArts", "bd61ef003b4d9679"],
        ["H1Characterization.PathIntegral transitive imports (legacy)",
         "05844959a8b890ab"],
        ["H1Characterization.PathIntegral:importAllArts", "0bc0693de1a9f269"],
        ["H1Characterization.ForestCoboundary transitive imports (legacy)",
         "8939a8cf6ad18f36"],
        ["H1Characterization.ForestCoboundary:importAllArts",
         "ef4b9dceadd4aa81"],
        ["H1Characterization.CycleCochain.Definitions transitive imports (legacy)",
         "a8709b353e7d2bcf"],
        ["H1Characterization.CycleCochain.Definitions:importAllArts",
         "dd441fbfef7c89d5"],
        ["H1Characterization.CycleCochain.Proofs transitive imports (legacy)",
         "73c620b5fcb34ba9"],
        ["H1Characterization.CycleCochain.Proofs:importAllArts",
         "bcc041435177b544"],
        ["H1Characterization.Characterization transitive imports (legacy)",
         "df73bc29eaf88149"],
        ["H1Characterization.Characterization:importAllArts",
         "d05ff32bbae3713d"]]]]],
    ["libs",
     [["import dynlibs", "00000000000006bb"],
      ["package external libraries", "00000000000006bb"],
      ["module dynlibs", "00000000000006bb"],
      ["module plugins", "00000000000006bb"]]]]],
  ["Lean 4.26.0, commit d8204c9fd894f91bbb2cdfec5912ec8196fd8562",
   "9c9419104e9584f8"],
  ["/workspaces/Cohomology-Foundations/H1Characterization.lean",
   "671d0f6f66a2fe25"],
  ["options",
   [["-Dpp.unicode.fun=true", "9b94070140457fab"],
    ["-DautoImplicit=false", "4a85acb881fd49d0"]]],
  ["Module.leanArgs: #[]", "00000000000006bb"]],
 "depHash": "387ef74adb2ade61"}