{"synthetic": false,
 "schemaVersion": "2025-09-10",
 "outputs":
 {"o": ["6c7f145876375353.olean"],
  "i": "af3308950253895f.ilean",
  "c": "927ca0f229eee7de.c"},
 "log":
 [{"message":
   ".> LEAN_PATH=/workspaces/Cohomology-Foundations/.lake/packages/Cli/.lake/build/lib/lean:/workspaces/Cohomology-Foundations/.lake/packages/batteries/.lake/build/lib/lean:/workspaces/Cohomology-Foundations/.lake/packages/Qq/.lake/build/lib/lean:/workspaces/Cohomology-Foundations/.lake/packages/aesop/.lake/build/lib/lean:/workspaces/Cohomology-Foundations/.lake/packages/proofwidgets/.lake/build/lib/lean:/workspaces/Cohomology-Foundations/.lake/packages/importGraph/.lake/build/lib/lean:/workspaces/Cohomology-Foundations/.lake/packages/LeanSearchClient/.lake/build/lib/lean:/workspaces/Cohomology-Foundations/.lake/packages/plausible/.lake/build/lib/lean:/workspaces/Cohomology-Foundations/.lake/packages/mathlib/.lake/build/lib/lean:/workspaces/Cohomology-Foundations/.lake/build/lib/lean /home/vscode/.elan/toolchains/leanprover--lean4---v4.27.0/bin/lean /workspaces/Cohomology-Foundations/Perspective.lean -o /workspaces/Cohomology-Foundations/.lake/build/lib/lean/Perspective.olean -i /workspaces/Cohomology-Foundations/.lake/build/lib/lean/Perspective.ilean -c /workspaces/Cohomology-Foundations/.lake/build/ir/Perspective.c --setup /workspaces/Cohomology-Foundations/.lake/build/ir/Perspective.setup.json --json",
   "level": "trace"}],
 "inputs":
 [["Perspective:deps",
   [["deps",
     [["CohomologyFoundations/Perspective:extraDep",
       [["@CohomologyFoundations:extraDep", "00000000000006bb"]]],
      ["imports",
       [["Perspective.ValueSystem transitive imports (legacy)",
         "267e3bbe93da625b"],
        ["Perspective.ValueSystem:importAllArts", "1318506d7ca72344"],
        ["Perspective.Alignment transitive imports (legacy)",
         "57d4a540d8374bb6"],
        ["Perspective.Alignment:importAllArts", "1ca37a195e1bcbc4"],
        ["Perspective.ValueComplex transitive imports (legacy)",
         "13f734381f10e890"],
        ["Perspective.ValueComplex:importAllArts", "bb322d32015173de"],
        ["Perspective.AlignmentEquivalence transitive imports (legacy)",
         "a4cd80960aecb20d"],
        ["Perspective.AlignmentEquivalence:importAllArts", "484ff779af58181d"],
        ["Perspective.AlignmentTheorem transitive imports (legacy)",
         "c2b3192d683e508a"],
        ["Perspective.AlignmentTheorem:importAllArts", "9d7eb45edb04f50b"],
        ["Perspective.ImpossibilityStrong transitive imports (legacy)",
         "938838c9ad42dbf0"],
        ["Perspective.ImpossibilityStrong:importAllArts", "7d5d5e03042b879e"],
        ["Perspective.ConflictLocalization transitive imports (legacy)",
         "3a6890f2138479bf"],
        ["Perspective.ConflictLocalization:importAllArts", "c1b66069864a5158"],
        ["Perspective.ConflictResolution transitive imports (legacy)",
         "666313cabefee511"],
        ["Perspective.ConflictResolution:importAllArts", "5187c2f38376d132"],
        ["Perspective.AgentCoordination transitive imports (legacy)",
         "7cb688f3769fa88f"],
        ["Perspective.AgentCoordination:importAllArts", "96aff2f28a6ad810"],
        ["Perspective.Stability transitive imports (legacy)",
         "1d275b7ab13597ae"],
        ["Perspective.Stability:importAllArts", "ca45ea8e1608b23c"],
        ["Perspective.ObstructionClassification transitive imports (legacy)",
         "406e9df64d31637e"],
        ["Perspective.ObstructionClassification:importAllArts",
         "aa770ff6716f4ae7"],
        ["Perspective.IncrementalUpdates transitive imports (legacy)",
         "c120bfd6d87341ed"],
        ["Perspective.IncrementalUpdates:importAllArts", "7b39cd4ff43918fc"],
        ["Perspective.HierarchicalAlignment transitive imports (legacy)",
         "674d256d628b01f6"],
        ["Perspective.HierarchicalAlignment:importAllArts", "9dfc195179b9275c"],
        ["Perspective.MayerVietoris transitive imports (legacy)",
         "1f3633dc246f7128"],
        ["Perspective.MayerVietoris:importAllArts", "e54a3c81be37e2c5"],
        ["Perspective.DimensionBound transitive imports (legacy)",
         "ee37794fc37b216a"],
        ["Perspective.DimensionBound:importAllArts", "5c9a36c1a51c4699"],
        ["Perspective.Persistence transitive imports (legacy)",
         "7152040ea7b3004e"],
        ["Perspective.Persistence:importAllArts", "dec644909e2a2154"],
        ["Perspective.SpectralGap transitive imports (legacy)",
         "7ba39701725d490f"],
        ["Perspective.SpectralGap:importAllArts", "dec3b1037d235c60"],
        ["Perspective.InformationBound transitive imports (legacy)",
         "e2857fc800bf909a"],
        ["Perspective.InformationBound:importAllArts", "53a9e87c0b07de41"],
        ["Perspective.OptimalRepair transitive imports (legacy)",
         "37fafdb512dbc680"],
        ["Perspective.OptimalRepair:importAllArts", "e6d6130ece08ce8a"],
        ["Perspective.Compositional transitive imports (legacy)",
         "df8a08a3c2388eb7"],
        ["Perspective.Compositional:importAllArts", "802b09a3052dc138"],
        ["Perspective.Barrier transitive imports (legacy)", "c702e5f17d9112a4"],
        ["Perspective.Barrier:importAllArts", "f5543ca86335d35b"],
        ["Perspective.Geodesic transitive imports (legacy)",
         "9bb7d3689d5d2dce"],
        ["Perspective.Geodesic:importAllArts", "391f8525ba7caf1c"],
        ["Perspective.Curvature transitive imports (legacy)",
         "ed5e3a6eccdd0b84"],
        ["Perspective.Curvature:importAllArts", "ecbba6789a2971ea"],
        ["Perspective.CriticalPoints transitive imports (legacy)",
         "57a6a79d2b3f7ee3"],
        ["Perspective.CriticalPoints:importAllArts", "4d4c309541757503"],
        ["Perspective.Bifurcation transitive imports (legacy)",
         "4fa0ee9085efc7ed"],
        ["Perspective.Bifurcation:importAllArts", "37faa716c93f0422"],
        ["Perspective.Hysteresis transitive imports (legacy)",
         "c63a5a2bc52619e6"],
        ["Perspective.Hysteresis:importAllArts", "8ed9721d9f7f3b4a"],
        ["Perspective.AttractorBasins transitive imports (legacy)",
         "cc42fa176d50f5aa"],
        ["Perspective.AttractorBasins:importAllArts", "9ea02e0ba9253e0a"],
        ["Perspective.EscapeTime transitive imports (legacy)",
         "1b5fd82b928c229f"],
        ["Perspective.EscapeTime:importAllArts", "789c77997d38d3d8"],
        ["Perspective.Recurrence transitive imports (legacy)",
         "bbb80506a9fed1e9"],
        ["Perspective.Recurrence:importAllArts", "a6e873ae351e001e"],
        ["Perspective.EntropyProduction transitive imports (legacy)",
         "f1262c9d355c8438"],
        ["Perspective.EntropyProduction:importAllArts", "b040f35cfa2abce0"],
        ["Perspective.FluctuationBounds transitive imports (legacy)",
         "ba1094480ea5232e"],
        ["Perspective.FluctuationBounds:importAllArts", "55a36039c2d81ffe"],
        ["Perspective.FairnessFoundations transitive imports (legacy)",
         "647f0c14b0e43a41"],
        ["Perspective.FairnessFoundations:importAllArts", "452ca1856bcc71ee"],
        ["Perspective.ParetoTopology transitive imports (legacy)",
         "50cc2512a687c455"],
        ["Perspective.ParetoTopology:importAllArts", "fd3e93e833b0a2ff"],
        ["Perspective.EnvyFreeness transitive imports (legacy)",
         "ff37e20807cf8fe4"],
        ["Perspective.EnvyFreeness:importAllArts", "aa9932dec5aafbe5"],
        ["Perspective.Proportionality transitive imports (legacy)",
         "3af9be821ebddeb9"],
        ["Perspective.Proportionality:importAllArts", "11b5166885ecd9a4"],
        ["Perspective.FairnessAlignmentTradeoff transitive imports (legacy)",
         "20e476aa815d0a13"],
        ["Perspective.FairnessAlignmentTradeoff:importAllArts",
         "f07129304721e512"],
        ["Perspective.LeximinGeodesics transitive imports (legacy)",
         "f4c349421a3450ac"],
        ["Perspective.LeximinGeodesics:importAllArts", "89ba5b6255245bcc"],
        ["Perspective.FairnessBarriers transitive imports (legacy)",
         "1a6ee5ab700b5bf2"],
        ["Perspective.FairnessBarriers:importAllArts", "b83b51ff94388a8f"],
        ["Perspective.GroupFairness transitive imports (legacy)",
         "0bc8215452d4ac63"],
        ["Perspective.GroupFairness:importAllArts", "dd6e9177db044876"],
        ["Perspective.IndividualFairness transitive imports (legacy)",
         "2dd0467c457d6d76"],
        ["Perspective.IndividualFairness:importAllArts", "95c9231bbfef46aa"],
        ["Perspective.FairnessPersistence transitive imports (legacy)",
         "775b37cdcf21c9f0"],
        ["Perspective.FairnessPersistence:importAllArts", "53ef21cb64108be9"],
        ["Perspective.FairnessDynamics transitive imports (legacy)",
         "fe973f13af6ddfa5"],
        ["Perspective.FairnessDynamics:importAllArts", "b1f9f8e26fc60d7d"],
        ["Perspective.FairRepair transitive imports (legacy)",
         "b2f5df581bece517"],
        ["Perspective.FairRepair:importAllArts", "7b39e8d78b664c8c"],
        ["Perspective.FairnessGames transitive imports (legacy)",
         "3506eda676f6810f"],
        ["Perspective.FairnessGames:importAllArts", "d7bdb119e8bb61eb"],
        ["Perspective.FairnessLearning transitive imports (legacy)",
         "ab98e0bf9c661e30"],
        ["Perspective.FairnessLearning:importAllArts", "a0114f7edbbfdf98"],
        ["Perspective.FairnessSynthesis transitive imports (legacy)",
         "ce9fad241da3dfe9"],
        ["Perspective.FairnessSynthesis:importAllArts", "563d67e9606b3365"],
        ["Perspective.RobustnessFoundations transitive imports (legacy)",
         "e707b8f8ba78a8bc"],
        ["Perspective.RobustnessFoundations:importAllArts",
         "4869683dd31959b6"]]]]],
    ["libs",
     [["import dynlibs", "00000000000006bb"],
      ["package external libraries", "00000000000006bb"],
      ["module dynlibs", "00000000000006bb"],
      ["module plugins", "00000000000006bb"]]]]],
  ["Lean 4.27.0, commit db93fe1608548721853390a10cd40580fe7d22ae",
   "9a2be90fd35343e5"],
  ["/workspaces/Cohomology-Foundations/Perspective.lean", "56b793f57bbc0c03"],
  ["options",
   [["-Dpp.unicode.fun=true", "9b94070140457fab"],
    ["-DautoImplicit=false", "4a85acb881fd49d0"]]],
  ["Module.leanArgs: #[]", "00000000000006bb"]],
 "depHash": "87c2421d0d6a0d1f"}