{"synthetic": false,
 "schemaVersion": "2025-09-10",
 "outputs":
 {"o": ["1c0a5d59eae71272.olean"],
  "i": "78a1a0b9d57f85b6.ilean",
  "c": "9b700fe8f1c2c575.c"},
 "log":
 [{"message":
   ".> LEAN_PATH=/workspaces/Cohomology-Foundations/.lake/packages/Cli/.lake/build/lib/lean:/workspaces/Cohomology-Foundations/.lake/packages/batteries/.lake/build/lib/lean:/workspaces/Cohomology-Foundations/.lake/packages/Qq/.lake/build/lib/lean:/workspaces/Cohomology-Foundations/.lake/packages/aesop/.lake/build/lib/lean:/workspaces/Cohomology-Foundations/.lake/packages/proofwidgets/.lake/build/lib/lean:/workspaces/Cohomology-Foundations/.lake/packages/importGraph/.lake/build/lib/lean:/workspaces/Cohomology-Foundations/.lake/packages/LeanSearchClient/.lake/build/lib/lean:/workspaces/Cohomology-Foundations/.lake/packages/plausible/.lake/build/lib/lean:/workspaces/Cohomology-Foundations/.lake/packages/mathlib/.lake/build/lib/lean:/workspaces/Cohomology-Foundations/.lake/build/lib/lean /home/vscode/.elan/toolchains/leanprover--lean4---v4.27.0/bin/lean /workspaces/Cohomology-Foundations/Foundations/Basic.lean -o /workspaces/Cohomology-Foundations/.lake/build/lib/lean/Foundations/Basic.olean -i /workspaces/Cohomology-Foundations/.lake/build/lib/lean/Foundations/Basic.ilean -c /workspaces/Cohomology-Foundations/.lake/build/ir/Foundations/Basic.c --setup /workspaces/Cohomology-Foundations/.lake/build/ir/Foundations/Basic.setup.json --json",
   "level": "trace"}],
 "inputs":
 [["Foundations.Basic:deps",
   [["deps",
     [["CohomologyFoundations/Foundations:extraDep",
       [["@CohomologyFoundations:extraDep", "00000000000006bb"]]],
      ["imports",
       [["Mathlib.Algebra.Field.Defs transitive imports (legacy)",
         "2aa924d8bd125cba"],
        ["Mathlib.Algebra.Field.Defs:importAllArts", "3d7bfc259c90f5b4"],
        ["Mathlib.Data.Rat.Defs transitive imports (legacy)",
         "de4fc737e93ac8f5"],
        ["Mathlib.Data.Rat.Defs:importAllArts", "00a97e6c2a2e9d46"],
        ["Mathlib.Data.Finset.Basic transitive imports (legacy)",
         "732f38f1e4c71d79"],
        ["Mathlib.Data.Finset.Basic:importAllArts", "1ec6b155e2444648"],
        ["Mathlib.Tactic.Ring transitive imports (legacy)", "319545eceee09c0b"],
        ["Mathlib.Tactic.Ring:importAllArts", "f7539e0c0d6627d9"]]]]],
    ["libs",
     [["import dynlibs", "00000000000006bb"],
      ["package external libraries", "00000000000006bb"],
      ["module dynlibs", "00000000000006bb"],
      ["module plugins", "00000000000006bb"]]]]],
  ["Lean 4.27.0, commit db93fe1608548721853390a10cd40580fe7d22ae",
   "9a2be90fd35343e5"],
  ["/workspaces/Cohomology-Foundations/Foundations/Basic.lean",
   "f7042509cbb8c6a2"],
  ["options",
   [["-Dpp.unicode.fun=true", "9b94070140457fab"],
    ["-DautoImplicit=false", "4a85acb881fd49d0"]]],
  ["Module.leanArgs: #[]", "00000000000006bb"]],
 "depHash": "58ba5488419c4c13"}