{"synthetic": false,
 "schemaVersion": "2025-09-10",
 "outputs":
 {"o": ["9c4c07d1657cfdbd.olean"],
  "i": "b8e23d7ce3a177a1.ilean",
  "c": "0c9cecbebac9b199.c"},
 "log":
 [{"message":
   ".> LEAN_PATH=/workspaces/Cohomology-Foundations/.lake/packages/Cli/.lake/build/lib/lean:/workspaces/Cohomology-Foundations/.lake/packages/batteries/.lake/build/lib/lean:/workspaces/Cohomology-Foundations/.lake/packages/Qq/.lake/build/lib/lean:/workspaces/Cohomology-Foundations/.lake/packages/aesop/.lake/build/lib/lean:/workspaces/Cohomology-Foundations/.lake/packages/proofwidgets/.lake/build/lib/lean:/workspaces/Cohomology-Foundations/.lake/packages/importGraph/.lake/build/lib/lean:/workspaces/Cohomology-Foundations/.lake/packages/LeanSearchClient/.lake/build/lib/lean:/workspaces/Cohomology-Foundations/.lake/packages/plausible/.lake/build/lib/lean:/workspaces/Cohomology-Foundations/.lake/packages/mathlib/.lake/build/lib/lean:/workspaces/Cohomology-Foundations/.lake/build/lib/lean /home/vscode/.elan/toolchains/leanprover--lean4---v4.27.0/bin/lean /workspaces/Cohomology-Foundations/Foundations/Coboundary.lean -o /workspaces/Cohomology-Foundations/.lake/build/lib/lean/Foundations/Coboundary.olean -i /workspaces/Cohomology-Foundations/.lake/build/lib/lean/Foundations/Coboundary.ilean -c /workspaces/Cohomology-Foundations/.lake/build/ir/Foundations/Coboundary.c --setup /workspaces/Cohomology-Foundations/.lake/build/ir/Foundations/Coboundary.setup.json --json",
   "level": "trace"},
  {"message":
   "Foundations/Coboundary.lean:81:12: Used `tac1 <;> tac2` where `(tac1; tac2)` would suffice\n\nNote: This linter can be disabled with `set_option linter.unnecessarySeqFocus false`",
   "level": "warning"},
  {"message":
   "Foundations/Coboundary.lean:170:26: This simp argument is unused:\n  ↓reduceIte\n\nHint: Omit it from the simp argument list.\n  simp only [hki,̵ ̵↓̵r̵e̵d̵u̵c̵e̵I̵t̵e̵]\n\nNote: This linter can be disabled with `set_option linter.unusedSimpArgs false`",
   "level": "warning"},
  {"message":
   "Foundations/Coboundary.lean:184:27: This simp argument is unused:\n  ↓reduceIte\n\nHint: Omit it from the simp argument list.\n  simp only [this,̵ ̵↓̵r̵e̵d̵u̵c̵e̵I̵t̵e̵]\n\nNote: This linter can be disabled with `set_option linter.unusedSimpArgs false`",
   "level": "warning"},
  {"message":
   "Foundations/Coboundary.lean:128:30: Used `tac1 <;> tac2` where `(tac1; tac2)` would suffice\n\nNote: This linter can be disabled with `set_option linter.unnecessarySeqFocus false`",
   "level": "warning"},
  {"message":
   "Foundations/Coboundary.lean:130:30: Used `tac1 <;> tac2` where `(tac1; tac2)` would suffice\n\nNote: This linter can be disabled with `set_option linter.unnecessarySeqFocus false`",
   "level": "warning"},
  {"message":
   "Foundations/Coboundary.lean:134:30: Used `tac1 <;> tac2` where `(tac1; tac2)` would suffice\n\nNote: This linter can be disabled with `set_option linter.unnecessarySeqFocus false`",
   "level": "warning"},
  {"message":
   "Foundations/Coboundary.lean:587:41: `Fin.coe_cast` has been deprecated: Use `Fin.val_cast` instead",
   "level": "warning"},
  {"message":
   "Foundations/Coboundary.lean:560:49: This simp argument is unused:\n  SimplicialComplex.ksimplices\n\nHint: Omit it from the simp argument list.\n  s̵i̵m̵p̵ ̵[̵S̵i̵m̵p̵l̵i̵c̵i̵a̵l̵C̵o̵m̵p̵l̵e̵x̵.̵k̵s̵i̵m̵p̵l̵i̵c̵e̵s̵]̵ ̵a̵t̵ ̵h̵s̵s̲i̲m̲p̲ ̲a̲t̲ ̲h̲s̲\n\nNote: This linter can be disabled with `set_option linter.unusedSimpArgs false`",
   "level": "warning"},
  {"message":
   "Foundations/Coboundary.lean:574:51: This simp argument is unused:\n  SimplicialComplex.ksimplices\n\nHint: Omit it from the simp argument list.\n  s̵i̵m̵p̵ ̵[̵S̵i̵m̵p̵l̵i̵c̵i̵a̵l̵C̵o̵m̵p̵l̵e̵x̵.̵k̵s̵i̵m̵p̵l̵i̵c̵e̵s̵]̵ ̵a̵t̵ ̵h̵s̵s̲i̲m̲p̲ ̲a̲t̲ ̲h̲s̲\n\nNote: This linter can be disabled with `set_option linter.unusedSimpArgs false`",
   "level": "warning"},
  {"message":
   "Foundations/Coboundary.lean:585:43: This simp argument is unused:\n  implies_true\n\nHint: Omit it from the simp argument list.\n  simp only [Finset.mem_univ,̵ ̵i̵m̵p̵l̵i̵e̵s̵_̵t̵r̵u̵e̵]\n\nNote: This linter can be disabled with `set_option linter.unusedSimpArgs false`",
   "level": "warning"},
  {"message":
   "Foundations/Coboundary.lean:646:49: This simp argument is unused:\n  SimplicialComplex.ksimplices\n\nHint: Omit it from the simp argument list.\n  s̵i̵m̵p̵ ̵[̵S̵i̵m̵p̵l̵i̵c̵i̵a̵l̵C̵o̵m̵p̵l̵e̵x̵.̵k̵s̵i̵m̵p̵l̵i̵c̵e̵s̵]̵ ̵a̵t̵ ̵h̵s̵s̲i̲m̲p̲ ̲a̲t̲ ̲h̲s̲\n\nNote: This linter can be disabled with `set_option linter.unusedSimpArgs false`",
   "level": "warning"},
  {"message":
   "Foundations/Coboundary.lean:654:49: This simp argument is unused:\n  SimplicialComplex.ksimplices\n\nHint: Omit it from the simp argument list.\n  s̵i̵m̵p̵ ̵[̵S̵i̵m̵p̵l̵i̵c̵i̵a̵l̵C̵o̵m̵p̵l̵e̵x̵.̵k̵s̵i̵m̵p̵l̵i̵c̵e̵s̵]̵ ̵a̵t̵ ̵h̵s̵s̲i̲m̲p̲ ̲a̲t̲ ̲h̲s̲\n\nNote: This linter can be disabled with `set_option linter.unusedSimpArgs false`",
   "level": "warning"},
  {"message":
   "Foundations/Coboundary.lean:710:49: This simp argument is unused:\n  SimplicialComplex.ksimplices\n\nHint: Omit it from the simp argument list.\n  s̵i̵m̵p̵ ̵[̵S̵i̵m̵p̵l̵i̵c̵i̵a̵l̵C̵o̵m̵p̵l̵e̵x̵.̵k̵s̵i̵m̵p̵l̵i̵c̵e̵s̵]̵ ̵a̵t̵ ̵h̵s̵s̲i̲m̲p̲ ̲a̲t̲ ̲h̲s̲\n\nNote: This linter can be disabled with `set_option linter.unusedSimpArgs false`",
   "level": "warning"},
  {"message":
   "Foundations/Coboundary.lean:718:49: This simp argument is unused:\n  SimplicialComplex.ksimplices\n\nHint: Omit it from the simp argument list.\n  s̵i̵m̵p̵ ̵[̵S̵i̵m̵p̵l̵i̵c̵i̵a̵l̵C̵o̵m̵p̵l̵e̵x̵.̵k̵s̵i̵m̵p̵l̵i̵c̵e̵s̵]̵ ̵a̵t̵ ̵h̵s̵s̲i̲m̲p̲ ̲a̲t̲ ̲h̲s̲\n\nNote: This linter can be disabled with `set_option linter.unusedSimpArgs false`",
   "level": "warning"},
  {"message":
   "Foundations/Coboundary.lean:766:54: This simp argument is unused:\n  Fin.val_mk\n\nHint: Omit it from the simp argument list.\n  simp only ̵[̵F̵i̵n̵.̵v̵a̵l̵_̵m̵k̵]̵\n\nNote: This linter can be disabled with `set_option linter.unusedSimpArgs false`",
   "level": "warning"},
  {"message":
   "Foundations/Coboundary.lean:769:54: This simp argument is unused:\n  Fin.val_mk\n\nHint: Omit it from the simp argument list.\n  simp only ̵[̵F̵i̵n̵.̵v̵a̵l̵_̵m̵k̵]̵\n\nNote: This linter can be disabled with `set_option linter.unusedSimpArgs false`",
   "level": "warning"},
  {"message":
   "Foundations/Coboundary.lean:640:38: 'simp [Fin.ext_iff]' tactic does nothing\n\nNote: This linter can be disabled with `set_option linter.unusedTactic false`",
   "level": "warning"},
  {"message":
   "Foundations/Coboundary.lean:704:33: 'simp [Fin.ext_iff]' tactic does nothing\n\nNote: This linter can be disabled with `set_option linter.unusedTactic false`",
   "level": "warning"},
  {"message":
   "Foundations/Coboundary.lean:640:38: this tactic is never executed\n\nNote: This linter can be disabled with `set_option linter.unreachableTactic false`",
   "level": "warning"},
  {"message":
   "Foundations/Coboundary.lean:704:33: this tactic is never executed\n\nNote: This linter can be disabled with `set_option linter.unreachableTactic false`",
   "level": "warning"},
  {"message":
   "Foundations/Coboundary.lean:766:66: Used `tac1 <;> tac2` where `(tac1; tac2)` would suffice\n\nNote: This linter can be disabled with `set_option linter.unnecessarySeqFocus false`",
   "level": "warning"},
  {"message":
   "Foundations/Coboundary.lean:769:66: Used `tac1 <;> tac2` where `(tac1; tac2)` would suffice\n\nNote: This linter can be disabled with `set_option linter.unnecessarySeqFocus false`",
   "level": "warning"}],
 "inputs":
 [["Foundations.Coboundary:deps",
   [["deps",
     [["CohomologyFoundations/Foundations:extraDep",
       [["@CohomologyFoundations:extraDep", "00000000000006bb"]]],
      ["imports",
       [["Foundations.Cochain transitive imports (legacy)", "c86f60e0b52eb5ab"],
        ["Foundations.Cochain:importAllArts", "093e45f151eff549"],
        ["Mathlib.Algebra.BigOperators.Group.Finset.Basic transitive imports (legacy)",
         "0a6362fb62507083"],
        ["Mathlib.Algebra.BigOperators.Group.Finset.Basic:importAllArts",
         "3b840309801c948c"],
        ["Mathlib.Algebra.BigOperators.Group.Finset.Sigma transitive imports (legacy)",
         "487241d35b9d5bec"],
        ["Mathlib.Algebra.BigOperators.Group.Finset.Sigma:importAllArts",
         "294d9a693bdb92fc"],
        ["Mathlib.Algebra.BigOperators.Ring.Finset transitive imports (legacy)",
         "ad0582fbf226ffa9"],
        ["Mathlib.Algebra.BigOperators.Ring.Finset:importAllArts",
         "12edcf1032d6393d"]]]]],
    ["libs",
     [["import dynlibs", "00000000000006bb"],
      ["package external libraries", "00000000000006bb"],
      ["module dynlibs", "00000000000006bb"],
      ["module plugins", "00000000000006bb"]]]]],
  ["Lean 4.27.0, commit db93fe1608548721853390a10cd40580fe7d22ae",
   "9a2be90fd35343e5"],
  ["/workspaces/Cohomology-Foundations/Foundations/Coboundary.lean",
   "49314dd7489f5179"],
  ["options",
   [["-Dpp.unicode.fun=true", "9b94070140457fab"],
    ["-DautoImplicit=false", "4a85acb881fd49d0"]]],
  ["Module.leanArgs: #[]", "00000000000006bb"]],
 "depHash": "dd22ca07f3ced0e6"}