{"synthetic": false,
 "schemaVersion": "2025-09-10",
 "outputs":
 {"o": ["67f612c02cae8b47.olean"],
  "i": "2ee9dfc7c4008cff.ilean",
  "c": "23cda904db1630df.c"},
 "log":
 [{"message":
   ".> LEAN_PATH=/workspaces/Cohomology-Foundations/.lake/packages/Cli/.lake/build/lib/lean:/workspaces/Cohomology-Foundations/.lake/packages/batteries/.lake/build/lib/lean:/workspaces/Cohomology-Foundations/.lake/packages/Qq/.lake/build/lib/lean:/workspaces/Cohomology-Foundations/.lake/packages/aesop/.lake/build/lib/lean:/workspaces/Cohomology-Foundations/.lake/packages/proofwidgets/.lake/build/lib/lean:/workspaces/Cohomology-Foundations/.lake/packages/importGraph/.lake/build/lib/lean:/workspaces/Cohomology-Foundations/.lake/packages/LeanSearchClient/.lake/build/lib/lean:/workspaces/Cohomology-Foundations/.lake/packages/plausible/.lake/build/lib/lean:/workspaces/Cohomology-Foundations/.lake/packages/mathlib/.lake/build/lib/lean:/workspaces/Cohomology-Foundations/.lake/build/lib/lean /home/vscode/.elan/toolchains/leanprover--lean4---v4.27.0/bin/lean /workspaces/Cohomology-Foundations/Foundations/Cohomology.lean -o /workspaces/Cohomology-Foundations/.lake/build/lib/lean/Foundations/Cohomology.olean -i /workspaces/Cohomology-Foundations/.lake/build/lib/lean/Foundations/Cohomology.ilean -c /workspaces/Cohomology-Foundations/.lake/build/ir/Foundations/Cohomology.c --setup /workspaces/Cohomology-Foundations/.lake/build/ir/Foundations/Cohomology.setup.json --json",
   "level": "trace"}],
 "inputs":
 [["Foundations.Cohomology:deps",
   [["deps",
     [["CohomologyFoundations/Foundations:extraDep",
       [["@CohomologyFoundations:extraDep", "00000000000006bb"]]],
      ["imports",
       [["Foundations.Coboundary transitive imports (legacy)",
         "f97d559884fdc4bc"],
        ["Foundations.Coboundary:importAllArts", "a41fdcebe3217109"]]]]],
    ["libs",
     [["import dynlibs", "00000000000006bb"],
      ["package external libraries", "00000000000006bb"],
      ["module dynlibs", "00000000000006bb"],
      ["module plugins", "00000000000006bb"]]]]],
  ["Lean 4.27.0, commit db93fe1608548721853390a10cd40580fe7d22ae",
   "9a2be90fd35343e5"],
  ["/workspaces/Cohomology-Foundations/Foundations/Cohomology.lean",
   "de6825dec9c301df"],
  ["options",
   [["-Dpp.unicode.fun=true", "9b94070140457fab"],
    ["-DautoImplicit=false", "4a85acb881fd49d0"]]],
  ["Module.leanArgs: #[]", "00000000000006bb"]],
 "depHash": "761005029b6fa08f"}