{"synthetic": false,
 "schemaVersion": "2025-09-10",
 "outputs":
 {"o": ["bdbc043643342dd9.olean"],
  "i": "e54798e42f1d49a8.ilean",
  "c": "7304f784b7bad763.c"},
 "log":
 [{"message":
   ".> LEAN_PATH=/workspaces/Cohomology-Foundations/.lake/packages/Cli/.lake/build/lib/lean:/workspaces/Cohomology-Foundations/.lake/packages/batteries/.lake/build/lib/lean:/workspaces/Cohomology-Foundations/.lake/packages/Qq/.lake/build/lib/lean:/workspaces/Cohomology-Foundations/.lake/packages/aesop/.lake/build/lib/lean:/workspaces/Cohomology-Foundations/.lake/packages/proofwidgets/.lake/build/lib/lean:/workspaces/Cohomology-Foundations/.lake/packages/importGraph/.lake/build/lib/lean:/workspaces/Cohomology-Foundations/.lake/packages/LeanSearchClient/.lake/build/lib/lean:/workspaces/Cohomology-Foundations/.lake/packages/plausible/.lake/build/lib/lean:/workspaces/Cohomology-Foundations/.lake/packages/mathlib/.lake/build/lib/lean:/workspaces/Cohomology-Foundations/.lake/build/lib/lean /home/codespace/.elan/toolchains/leanprover--lean4---v4.26.0/bin/lean /workspaces/Cohomology-Foundations/Foundations/Simplex.lean -o /workspaces/Cohomology-Foundations/.lake/build/lib/lean/Foundations/Simplex.olean -i /workspaces/Cohomology-Foundations/.lake/build/lib/lean/Foundations/Simplex.ilean -c /workspaces/Cohomology-Foundations/.lake/build/ir/Foundations/Simplex.c --setup /workspaces/Cohomology-Foundations/.lake/build/ir/Foundations/Simplex.setup.json --json",
   "level": "trace"},
  {"message":
   "Foundations/Simplex.lean:43:48: unused variable `h`\n\nNote: This linter can be disabled with `set_option linter.unusedVariables false`",
   "level": "warning"}],
 "inputs":
 [["Foundations.Simplex:deps",
   [["deps",
     [["CohomologyFoundations/Foundations:extraDep",
       [["@CohomologyFoundations:extraDep", "00000000000006bb"]]],
      ["imports",
       [["Foundations.Basic transitive imports (legacy)", "2865df7d7f4033f1"],
        ["Foundations.Basic:importAllArts", "e0c663a87c4ec687"],
        ["Mathlib.Data.Finset.Card transitive imports (legacy)",
         "2114d0a4bbc2b326"],
        ["Mathlib.Data.Finset.Card:importAllArts", "31a32c8cd5d267a2"],
        ["Mathlib.Data.Finset.Sort transitive imports (legacy)",
         "8d22630772608449"],
        ["Mathlib.Data.Finset.Sort:importAllArts", "95e568fe68a062fd"],
        ["Mathlib.Data.Finset.Insert transitive imports (legacy)",
         "3d9b6667672bd5f6"],
        ["Mathlib.Data.Finset.Insert:importAllArts", "2a08728dc5d51e77"],
        ["Mathlib.Data.List.Basic transitive imports (legacy)",
         "f9dc56f74e61423b"],
        ["Mathlib.Data.List.Basic:importAllArts", "e8ac2b1a93395b81"]]]]],
    ["libs",
     [["import dynlibs", "00000000000006bb"],
      ["package external libraries", "00000000000006bb"],
      ["module dynlibs", "00000000000006bb"],
      ["module plugins", "00000000000006bb"]]]]],
  ["Lean 4.26.0, commit d8204c9fd894f91bbb2cdfec5912ec8196fd8562",
   "9c9419104e9584f8"],
  ["/workspaces/Cohomology-Foundations/Foundations/Simplex.lean",
   "62c384322fd65c74"],
  ["options",
   [["-Dpp.unicode.fun=true", "9b94070140457fab"],
    ["-DautoImplicit=false", "4a85acb881fd49d0"]]],
  ["Module.leanArgs: #[]", "00000000000006bb"]],
 "depHash": "fa5d94636c2b64b5"}