{"synthetic": false,
 "schemaVersion": "2025-09-10",
 "outputs":
 {"o": ["d732dfd1462f8b42.olean"],
  "i": "83b65c056f262385.ilean",
  "c": "abd7ae099ca07d6c.c"},
 "log":
 [{"message":
   ".> LEAN_PATH=/workspaces/Cohomology-Foundations/.lake/packages/Cli/.lake/build/lib/lean:/workspaces/Cohomology-Foundations/.lake/packages/batteries/.lake/build/lib/lean:/workspaces/Cohomology-Foundations/.lake/packages/Qq/.lake/build/lib/lean:/workspaces/Cohomology-Foundations/.lake/packages/aesop/.lake/build/lib/lean:/workspaces/Cohomology-Foundations/.lake/packages/proofwidgets/.lake/build/lib/lean:/workspaces/Cohomology-Foundations/.lake/packages/importGraph/.lake/build/lib/lean:/workspaces/Cohomology-Foundations/.lake/packages/LeanSearchClient/.lake/build/lib/lean:/workspaces/Cohomology-Foundations/.lake/packages/plausible/.lake/build/lib/lean:/workspaces/Cohomology-Foundations/.lake/packages/mathlib/.lake/build/lib/lean:/workspaces/Cohomology-Foundations/.lake/build/lib/lean /home/vscode/.elan/toolchains/leanprover--lean4---v4.26.0/bin/lean /workspaces/Cohomology-Foundations/H1Characterization/Basic.lean -o /workspaces/Cohomology-Foundations/.lake/build/lib/lean/H1Characterization/Basic.olean -i /workspaces/Cohomology-Foundations/.lake/build/lib/lean/H1Characterization/Basic.ilean -c /workspaces/Cohomology-Foundations/.lake/build/ir/H1Characterization/Basic.c --setup /workspaces/Cohomology-Foundations/.lake/build/ir/H1Characterization/Basic.setup.json --json",
   "level": "trace"}],
 "inputs":
 [["H1Characterization.Basic:deps",
   [["deps",
     [["CohomologyFoundations/H1Characterization:extraDep",
       [["@CohomologyFoundations:extraDep", "00000000000006bb"]]],
      ["imports",
       [["Foundations.Cohomology transitive imports (legacy)",
         "95624a7b5e6a225b"],
        ["Foundations.Cohomology:importAllArts", "6b51729e38aa1fc2"],
        ["Mathlib.Combinatorics.SimpleGraph.Basic transitive imports (legacy)",
         "b17fb58f7694fe03"],
        ["Mathlib.Combinatorics.SimpleGraph.Basic:importAllArts",
         "cceb3a93a67536d5"],
        ["Mathlib.Combinatorics.SimpleGraph.Acyclic transitive imports (legacy)",
         "6fb4ae5d12ec2055"],
        ["Mathlib.Combinatorics.SimpleGraph.Acyclic:importAllArts",
         "e824660c7284452c"]]]]],
    ["libs",
     [["import dynlibs", "00000000000006bb"],
      ["package external libraries", "00000000000006bb"],
      ["module dynlibs", "00000000000006bb"],
      ["module plugins", "00000000000006bb"]]]]],
  ["Lean 4.26.0, commit d8204c9fd894f91bbb2cdfec5912ec8196fd8562",
   "9c9419104e9584f8"],
  ["/workspaces/Cohomology-Foundations/H1Characterization/Basic.lean",
   "a06c55704bb6d728"],
  ["options",
   [["-Dpp.unicode.fun=true", "9b94070140457fab"],
    ["-DautoImplicit=false", "4a85acb881fd49d0"]]],
  ["Module.leanArgs: #[]", "00000000000006bb"]],
 "depHash": "152426c66fe9db15"}