{"synthetic": false,
 "schemaVersion": "2025-09-10",
 "outputs":
 {"o": ["5db0a78eb05b9df5.olean"],
  "i": "ba2f1c6e73fcc212.ilean",
  "c": "9ad6babb62c8ba93.c"},
 "log":
 [{"message":
   ".> LEAN_PATH=/workspaces/Cohomology-Foundations/.lake/packages/Cli/.lake/build/lib/lean:/workspaces/Cohomology-Foundations/.lake/packages/batteries/.lake/build/lib/lean:/workspaces/Cohomology-Foundations/.lake/packages/Qq/.lake/build/lib/lean:/workspaces/Cohomology-Foundations/.lake/packages/aesop/.lake/build/lib/lean:/workspaces/Cohomology-Foundations/.lake/packages/proofwidgets/.lake/build/lib/lean:/workspaces/Cohomology-Foundations/.lake/packages/importGraph/.lake/build/lib/lean:/workspaces/Cohomology-Foundations/.lake/packages/LeanSearchClient/.lake/build/lib/lean:/workspaces/Cohomology-Foundations/.lake/packages/plausible/.lake/build/lib/lean:/workspaces/Cohomology-Foundations/.lake/packages/mathlib/.lake/build/lib/lean:/workspaces/Cohomology-Foundations/.lake/build/lib/lean /home/codespace/.elan/toolchains/leanprover--lean4---v4.26.0/bin/lean /workspaces/Cohomology-Foundations/H1Characterization/ForestCoboundary.lean -o /workspaces/Cohomology-Foundations/.lake/build/lib/lean/H1Characterization/ForestCoboundary.olean -i /workspaces/Cohomology-Foundations/.lake/build/lib/lean/H1Characterization/ForestCoboundary.ilean -c /workspaces/Cohomology-Foundations/.lake/build/ir/H1Characterization/ForestCoboundary.c --setup /workspaces/Cohomology-Foundations/.lake/build/ir/H1Characterization/ForestCoboundary.setup.json --json",
   "level": "trace"},
  {"message":
   "H1Characterization/ForestCoboundary.lean:39:61: unused variable `hK`\n\nNote: This linter can be disabled with `set_option linter.unusedVariables false`",
   "level": "warning"},
  {"message":
   "H1Characterization/ForestCoboundary.lean:40:23: unused variable `hf`\n\nNote: This linter can be disabled with `set_option linter.unusedVariables false`",
   "level": "warning"}],
 "inputs":
 [["H1Characterization.ForestCoboundary:deps",
   [["deps",
     [["CohomologyFoundations/H1Characterization:extraDep",
       [["@CohomologyFoundations:extraDep", "00000000000006bb"]]],
      ["imports",
       [["H1Characterization.PathIntegral transitive imports (legacy)",
         "7d467373d8ac10b1"],
        ["H1Characterization.PathIntegral:importAllArts",
         "c285e1ed2289c3d8"]]]]],
    ["libs",
     [["import dynlibs", "00000000000006bb"],
      ["package external libraries", "00000000000006bb"],
      ["module dynlibs", "00000000000006bb"],
      ["module plugins", "00000000000006bb"]]]]],
  ["Lean 4.26.0, commit d8204c9fd894f91bbb2cdfec5912ec8196fd8562",
   "9c9419104e9584f8"],
  ["/workspaces/Cohomology-Foundations/H1Characterization/ForestCoboundary.lean",
   "cd7dbb5c1a4029e2"],
  ["options",
   [["-Dpp.unicode.fun=true", "9b94070140457fab"],
    ["-DautoImplicit=false", "4a85acb881fd49d0"]]],
  ["Module.leanArgs: #[]", "00000000000006bb"]],
 "depHash": "0ed7805afec4c421"}