{"synthetic": false,
 "schemaVersion": "2025-09-10",
 "outputs":
 {"o": ["af70ad6ced7d82cd.olean"],
  "i": "c79e92da115328ec.ilean",
  "c": "8e52ec289d3c08bc.c"},
 "log":
 [{"message":
   ".> LEAN_PATH=/workspaces/Cohomology-Foundations/.lake/packages/Cli/.lake/build/lib/lean:/workspaces/Cohomology-Foundations/.lake/packages/batteries/.lake/build/lib/lean:/workspaces/Cohomology-Foundations/.lake/packages/Qq/.lake/build/lib/lean:/workspaces/Cohomology-Foundations/.lake/packages/aesop/.lake/build/lib/lean:/workspaces/Cohomology-Foundations/.lake/packages/proofwidgets/.lake/build/lib/lean:/workspaces/Cohomology-Foundations/.lake/packages/importGraph/.lake/build/lib/lean:/workspaces/Cohomology-Foundations/.lake/packages/LeanSearchClient/.lake/build/lib/lean:/workspaces/Cohomology-Foundations/.lake/packages/plausible/.lake/build/lib/lean:/workspaces/Cohomology-Foundations/.lake/packages/mathlib/.lake/build/lib/lean:/workspaces/Cohomology-Foundations/.lake/build/lib/lean /home/vscode/.elan/toolchains/leanprover--lean4---v4.26.0/bin/lean /workspaces/Cohomology-Foundations/H1Characterization/LinearComplexity.lean -o /workspaces/Cohomology-Foundations/.lake/build/lib/lean/H1Characterization/LinearComplexity.olean -i /workspaces/Cohomology-Foundations/.lake/build/lib/lean/H1Characterization/LinearComplexity.ilean -c /workspaces/Cohomology-Foundations/.lake/build/ir/H1Characterization/LinearComplexity.c --setup /workspaces/Cohomology-Foundations/.lake/build/ir/H1Characterization/LinearComplexity.setup.json --json",
   "level": "trace"}],
 "inputs":
 [["H1Characterization.LinearComplexity:deps",
   [["deps",
     [["CohomologyFoundations/H1Characterization:extraDep",
       [["@CohomologyFoundations:extraDep", "00000000000006bb"]]],
      ["imports",
       [["H1Characterization.Characterization transitive imports (legacy)",
         "6a3156e1fd725140"],
        ["H1Characterization.Characterization:importAllArts",
         "db91a8fda58a7315"],
        ["H1Characterization.OneConnected transitive imports (legacy)",
         "32c972ab303520d0"],
        ["H1Characterization.OneConnected:importAllArts", "bd61ef003b4d9679"],
        ["H1Characterization.OneSkeleton transitive imports (legacy)",
         "78fe0338303eed3a"],
        ["H1Characterization.OneSkeleton:importAllArts", "c62ce56afc2238a5"],
        ["Mathlib.Combinatorics.SimpleGraph.Acyclic transitive imports (legacy)",
         "6fb4ae5d12ec2055"],
        ["Mathlib.Combinatorics.SimpleGraph.Acyclic:importAllArts",
         "e824660c7284452c"],
        ["Mathlib.Combinatorics.SimpleGraph.Connectivity.Connected transitive imports (legacy)",
         "c45a714f625ce599"],
        ["Mathlib.Combinatorics.SimpleGraph.Connectivity.Connected:importAllArts",
         "b6cbd9c9ba84ab8b"],
        ["Mathlib.Combinatorics.SimpleGraph.Connectivity.WalkCounting transitive imports (legacy)",
         "dbb85cd0ce1ecfd4"],
        ["Mathlib.Combinatorics.SimpleGraph.Connectivity.WalkCounting:importAllArts",
         "5a49afaf0209a2f7"]]]]],
    ["libs",
     [["import dynlibs", "00000000000006bb"],
      ["package external libraries", "00000000000006bb"],
      ["module dynlibs", "00000000000006bb"],
      ["module plugins", "00000000000006bb"]]]]],
  ["Lean 4.26.0, commit d8204c9fd894f91bbb2cdfec5912ec8196fd8562",
   "9c9419104e9584f8"],
  ["/workspaces/Cohomology-Foundations/H1Characterization/LinearComplexity.lean",
   "f84bb1a9bbee616e"],
  ["options",
   [["-Dpp.unicode.fun=true", "9b94070140457fab"],
    ["-DautoImplicit=false", "4a85acb881fd49d0"]]],
  ["Module.leanArgs: #[]", "00000000000006bb"]],
 "depHash": "80a165f2fbca6d77"}