{"synthetic": false,
 "schemaVersion": "2025-09-10",
 "outputs":
 {"o": ["2e1e1b14c57907dd.olean"],
  "i": "1c8f52d86dc699e5.ilean",
  "c": "60e99ea3e3195694.c"},
 "log":
 [{"message":
   ".> LEAN_PATH=/workspaces/Cohomology-Foundations/.lake/packages/Cli/.lake/build/lib/lean:/workspaces/Cohomology-Foundations/.lake/packages/batteries/.lake/build/lib/lean:/workspaces/Cohomology-Foundations/.lake/packages/Qq/.lake/build/lib/lean:/workspaces/Cohomology-Foundations/.lake/packages/aesop/.lake/build/lib/lean:/workspaces/Cohomology-Foundations/.lake/packages/proofwidgets/.lake/build/lib/lean:/workspaces/Cohomology-Foundations/.lake/packages/importGraph/.lake/build/lib/lean:/workspaces/Cohomology-Foundations/.lake/packages/LeanSearchClient/.lake/build/lib/lean:/workspaces/Cohomology-Foundations/.lake/packages/plausible/.lake/build/lib/lean:/workspaces/Cohomology-Foundations/.lake/packages/mathlib/.lake/build/lib/lean:/workspaces/Cohomology-Foundations/.lake/build/lib/lean /home/vscode/.elan/toolchains/leanprover--lean4---v4.27.0/bin/lean /workspaces/Cohomology-Foundations/H1Characterization/OneConnected.lean -o /workspaces/Cohomology-Foundations/.lake/build/lib/lean/H1Characterization/OneConnected.olean -i /workspaces/Cohomology-Foundations/.lake/build/lib/lean/H1Characterization/OneConnected.ilean -c /workspaces/Cohomology-Foundations/.lake/build/ir/H1Characterization/OneConnected.c --setup /workspaces/Cohomology-Foundations/.lake/build/ir/H1Characterization/OneConnected.setup.json --json",
   "level": "trace"}],
 "inputs":
 [["H1Characterization.OneConnected:deps",
   [["deps",
     [["CohomologyFoundations/H1Characterization:extraDep",
       [["@CohomologyFoundations:extraDep", "00000000000006bb"]]],
      ["imports",
       [["H1Characterization.OneSkeleton transitive imports (legacy)",
         "223b9074234cbd3f"],
        ["H1Characterization.OneSkeleton:importAllArts", "3c80cfb6655c1178"],
        ["Mathlib.Combinatorics.SimpleGraph.Acyclic transitive imports (legacy)",
         "7bf4e7cad64ffd03"],
        ["Mathlib.Combinatorics.SimpleGraph.Acyclic:importAllArts",
         "779e1833b48d88d9"]]]]],
    ["libs",
     [["import dynlibs", "00000000000006bb"],
      ["package external libraries", "00000000000006bb"],
      ["module dynlibs", "00000000000006bb"],
      ["module plugins", "00000000000006bb"]]]]],
  ["Lean 4.27.0, commit db93fe1608548721853390a10cd40580fe7d22ae",
   "9a2be90fd35343e5"],
  ["/workspaces/Cohomology-Foundations/H1Characterization/OneConnected.lean",
   "bc4ec3fcc59255b1"],
  ["options",
   [["-Dpp.unicode.fun=true", "9b94070140457fab"],
    ["-DautoImplicit=false", "4a85acb881fd49d0"]]],
  ["Module.leanArgs: #[]", "00000000000006bb"]],
 "depHash": "7c22cea7ed384423"}