{"synthetic": false,
 "schemaVersion": "2025-09-10",
 "outputs":
 {"o": ["7c3b09144c347ca6.olean"],
  "i": "29f4e2082d88b6cc.ilean",
  "c": "0497761eb266295e.c"},
 "log":
 [{"message":
   ".> LEAN_PATH=/workspaces/Cohomology-Foundations/.lake/packages/Cli/.lake/build/lib/lean:/workspaces/Cohomology-Foundations/.lake/packages/batteries/.lake/build/lib/lean:/workspaces/Cohomology-Foundations/.lake/packages/Qq/.lake/build/lib/lean:/workspaces/Cohomology-Foundations/.lake/packages/aesop/.lake/build/lib/lean:/workspaces/Cohomology-Foundations/.lake/packages/proofwidgets/.lake/build/lib/lean:/workspaces/Cohomology-Foundations/.lake/packages/importGraph/.lake/build/lib/lean:/workspaces/Cohomology-Foundations/.lake/packages/LeanSearchClient/.lake/build/lib/lean:/workspaces/Cohomology-Foundations/.lake/packages/plausible/.lake/build/lib/lean:/workspaces/Cohomology-Foundations/.lake/packages/mathlib/.lake/build/lib/lean:/workspaces/Cohomology-Foundations/.lake/build/lib/lean /home/vscode/.elan/toolchains/leanprover--lean4---v4.27.0/bin/lean /workspaces/Cohomology-Foundations/H1Characterization/OneSkeleton.lean -o /workspaces/Cohomology-Foundations/.lake/build/lib/lean/H1Characterization/OneSkeleton.olean -i /workspaces/Cohomology-Foundations/.lake/build/lib/lean/H1Characterization/OneSkeleton.ilean -c /workspaces/Cohomology-Foundations/.lake/build/ir/H1Characterization/OneSkeleton.c --setup /workspaces/Cohomology-Foundations/.lake/build/ir/H1Characterization/OneSkeleton.setup.json --json",
   "level": "trace"}],
 "inputs":
 [["H1Characterization.OneSkeleton:deps",
   [["deps",
     [["CohomologyFoundations/H1Characterization:extraDep",
       [["@CohomologyFoundations:extraDep", "00000000000006bb"]]],
      ["imports",
       [["H1Characterization.Basic transitive imports (legacy)",
         "5db796d3e4534c7a"],
        ["H1Characterization.Basic:importAllArts", "943c8bf9055b61c5"],
        ["Mathlib.Combinatorics.SimpleGraph.Basic transitive imports (legacy)",
         "45b35b2a18abf045"],
        ["Mathlib.Combinatorics.SimpleGraph.Basic:importAllArts",
         "dd2ced311901346e"],
        ["Mathlib.Combinatorics.SimpleGraph.Walks.Maps transitive imports (legacy)",
         "e16fc4d968195412"],
        ["Mathlib.Combinatorics.SimpleGraph.Walks.Maps:importAllArts",
         "f267f4f4b8ca1bec"],
        ["Mathlib.Combinatorics.SimpleGraph.Paths transitive imports (legacy)",
         "31f9961ba1644a29"],
        ["Mathlib.Combinatorics.SimpleGraph.Paths:importAllArts",
         "5cf739680749ab48"]]]]],
    ["libs",
     [["import dynlibs", "00000000000006bb"],
      ["package external libraries", "00000000000006bb"],
      ["module dynlibs", "00000000000006bb"],
      ["module plugins", "00000000000006bb"]]]]],
  ["Lean 4.27.0, commit db93fe1608548721853390a10cd40580fe7d22ae",
   "9a2be90fd35343e5"],
  ["/workspaces/Cohomology-Foundations/H1Characterization/OneSkeleton.lean",
   "785b450c8a9fe5e5"],
  ["options",
   [["-Dpp.unicode.fun=true", "9b94070140457fab"],
    ["-DautoImplicit=false", "4a85acb881fd49d0"]]],
  ["Module.leanArgs: #[]", "00000000000006bb"]],
 "depHash": "210c130fec6d881f"}